<?xml version="1.0" encoding="UTF-8"?>
<!-- Generated by org.testng.reporters.JUnitXMLReporter -->
<testsuite ignored="0" hostname="ANUSRI" failures="1" tests="19" name="chrome browser" time="382.237" errors="0" timestamp="2025-07-15T12:36:13 IST">
  <testcase classname="DetailsOfAmazon.Website.TestCase9_AddingToCart" name="AddingToCart" time="8.261"/>
  <testcase classname="DetailsOfAmazon.Website.TestCase13_ApplyCouponCode" name="CouponCode" time="25.214"/>
  <testcase classname="DetailsOfAmazon.Website.Testcase15_ReachTillCartPage" name="CartPage" time="12.675"/>
  <testcase classname="DetailsOfAmazon.Website.TestCase10_UpdatingandRemovingfromCart" name="UpdatingCart" time="36.209">
    <skipped/>
  </testcase> <!-- UpdatingCart -->
  <testcase classname="DetailsOfAmazon.Website.TestCase10_UpdatingandRemovingfromCart" name="UpdatingCart" time="34.719">
    <skipped/>
  </testcase> <!-- UpdatingCart -->
  <testcase classname="DetailsOfAmazon.Website.TestCase10_UpdatingandRemovingfromCart" name="UpdatingCart" time="33.296">
    <failure type="java.lang.NullPointerException" message="Cannot invoke &amp;quot;org.openqa.selenium.WebDriver.getClass()&amp;quot; because &amp;quot;exceptionDriver&amp;quot; is null">
      <![CDATA[java.lang.NullPointerException: Cannot invoke "org.openqa.selenium.WebDriver.getClass()" because "exceptionDriver" is null
at org.openqa.selenium.support.ui.WebDriverWait.timeoutException(WebDriverWait.java:85)
at org.openqa.selenium.support.ui.FluentWait.until(FluentWait.java:228)
at DetailsOfAmazon.Website.CartPage.AddtoCart1(CartPage.java:34)
at DetailsOfAmazon.Website.TestCase10_UpdatingandRemovingfromCart.UpdatingCart(TestCase10_UpdatingandRemovingfromCart.java:24)
at java.base/java.util.ArrayList.forEach(ArrayList.java:1596)
... Removed 29 stack frames]]>
    </failure>
  </testcase> <!-- UpdatingCart -->
  <testcase classname="DetailsOfAmazon.Website.TestCase4_EditingProfile" name="EditingProfile" time="11.481"/>
  <testcase classname="DetailsOfAmazon.Website.TestCase7_ProductDetailsPage" name="ProductDetails" time="5.94"/>
  <testcase classname="DetailsOfAmazon.Website.TestCase5_SearchForProduct" name="SearchDetails" time="2.838"/>
  <testcase classname="DetailsOfAmazon.Website.TestCase12_SelectingEachPayment" name="PaymentMethod" time="25.162"/>
  <testcase classname="DetailsOfAmazon.Website.TestCase14_LastProductRating" name="Rating" time="10.177"/>
  <testcase classname="DetailsOfAmazon.Website.Testcase1_Registration" name="RegistrationPageDetails" time="5.314"/>
  <testcase classname="DetailsOfAmazon.Website.TestCase3_InvalidCredentials" name="InValidCredentials" time="4.171"/>
  <testcase classname="DetailsOfAmazon.Website.TestCase6_SearchingWithFilters" name="Filters" time="6.129"/>
  <testcase classname="DetailsOfAmazon.Website.Testcase2_ValidCredentials" name="ValidCredentials" time="7.385"/>
  <testcase classname="DetailsOfAmazon.Website.TestCase8_SoartingProducts" name="Sortingwithfilters" time="2.832"/>
  <testcase classname="DetailsOfAmazon.Website.TestCase11_CheckoutProcess" name="CheckoutProcess" time="35.237">
    <skipped/>
  </testcase> <!-- CheckoutProcess -->
  <testcase classname="DetailsOfAmazon.Website.TestCase11_CheckoutProcess" name="CheckoutProcess" time="32.566">
    <skipped/>
  </testcase> <!-- CheckoutProcess -->
  <testcase classname="DetailsOfAmazon.Website.TestCase11_CheckoutProcess" name="CheckoutProcess" time="23.82"/>
</testsuite> <!-- chrome browser -->
