<?xml version="1.0" encoding="UTF-8"?>
<!-- Generated by org.testng.reporters.JUnitXMLReporter -->
<testsuite ignored="0" hostname="ANUSRI" failures="3" tests="21" name="chrome browser" time="440.634" errors="0" timestamp="2025-07-15T09:07:16 IST">
  <testcase classname="DetailsOfAmazon.Website.TestCase9_AddingToCart" name="AddingToCart" time="7.835"/>
  <testcase classname="DetailsOfAmazon.Website.TestCase13_ApplyCouponCode" name="CouponCode" time="23.496"/>
  <testcase classname="DetailsOfAmazon.Website.Testcase15_ReachTillCartPage" name="CartPage" time="8.819"/>
  <testcase classname="DetailsOfAmazon.Website.TestCase10_UpdatingandRemovingfromCart" name="UpdatingCart" time="31.778">
    <skipped/>
  </testcase> <!-- UpdatingCart -->
  <testcase classname="DetailsOfAmazon.Website.TestCase10_UpdatingandRemovingfromCart" name="UpdatingCart" time="31.166">
    <skipped/>
  </testcase> <!-- UpdatingCart -->
  <testcase classname="DetailsOfAmazon.Website.TestCase10_UpdatingandRemovingfromCart" name="UpdatingCart" time="31.365">
    <failure type="java.lang.NullPointerException" message="Cannot invoke &amp;quot;org.openqa.selenium.WebDriver.getClass()&amp;quot; because &amp;quot;exceptionDriver&amp;quot; is null">
      <![CDATA[java.lang.NullPointerException: Cannot invoke "org.openqa.selenium.WebDriver.getClass()" because "exceptionDriver" is null
at org.openqa.selenium.support.ui.WebDriverWait.timeoutException(WebDriverWait.java:85)
at org.openqa.selenium.support.ui.FluentWait.until(FluentWait.java:228)
at DetailsOfAmazon.Website.CartPage.AddtoCart1(CartPage.java:34)
at DetailsOfAmazon.Website.TestCase10_UpdatingandRemovingfromCart.UpdatingCart(TestCase10_UpdatingandRemovingfromCart.java:24)
at java.base/java.util.ArrayList.forEach(ArrayList.java:1596)
... Removed 25 stack frames]]>
    </failure>
  </testcase> <!-- UpdatingCart -->
  <testcase classname="DetailsOfAmazon.Website.TestCase4_EditingProfile" name="EditingProfile" time="10.446"/>
  <testcase classname="DetailsOfAmazon.Website.TestCase7_ProductDetailsPage" name="ProductDetails" time="6.207"/>
  <testcase classname="DetailsOfAmazon.Website.TestCase5_SearchForProduct" name="SearchDetails" time="2.631"/>
  <testcase classname="DetailsOfAmazon.Website.TestCase12_SelectingEachPayment" name="PaymentMethod" time="31.941">
    <skipped/>
  </testcase> <!-- PaymentMethod -->
  <testcase classname="DetailsOfAmazon.Website.TestCase12_SelectingEachPayment" name="PaymentMethod" time="32.159">
    <skipped/>
  </testcase> <!-- PaymentMethod -->
  <testcase classname="DetailsOfAmazon.Website.TestCase12_SelectingEachPayment" name="PaymentMethod" time="31.466">
    <failure type="java.lang.NullPointerException" message="Cannot invoke &amp;quot;org.openqa.selenium.WebDriver.getClass()&amp;quot; because &amp;quot;exceptionDriver&amp;quot; is null">
      <![CDATA[java.lang.NullPointerException: Cannot invoke "org.openqa.selenium.WebDriver.getClass()" because "exceptionDriver" is null
at org.openqa.selenium.support.ui.WebDriverWait.timeoutException(WebDriverWait.java:85)
at org.openqa.selenium.support.ui.FluentWait.until(FluentWait.java:228)
at DetailsOfAmazon.Website.CheckOutProcessPage.Changeadd(CheckOutProcessPage.java:78)
at DetailsOfAmazon.Website.TestCase12_SelectingEachPayment.PaymentMethod(TestCase12_SelectingEachPayment.java:26)
at java.base/java.util.ArrayList.forEach(ArrayList.java:1596)
... Removed 25 stack frames]]>
    </failure>
  </testcase> <!-- PaymentMethod -->
  <testcase classname="DetailsOfAmazon.Website.TestCase14_LastProductRating" name="Rating" time="10.32"/>
  <testcase classname="DetailsOfAmazon.Website.Testcase1_Registration" name="RegistrationPageDetails" time="5.405"/>
  <testcase classname="DetailsOfAmazon.Website.TestCase3_InvalidCredentials" name="InValidCredentials" time="3.658"/>
  <testcase classname="DetailsOfAmazon.Website.TestCase6_SearchingWithFilters" name="Filters" time="5.681"/>
  <testcase classname="DetailsOfAmazon.Website.Testcase2_ValidCredentials" name="ValidCredentials" time="5.454"/>
  <testcase classname="DetailsOfAmazon.Website.TestCase8_SoartingProducts" name="Sortingwithfilters" time="2.585"/>
  <testcase classname="DetailsOfAmazon.Website.TestCase11_CheckoutProcess" name="CheckoutProcess" time="32.283">
    <skipped/>
  </testcase> <!-- CheckoutProcess -->
  <testcase classname="DetailsOfAmazon.Website.TestCase11_CheckoutProcess" name="CheckoutProcess" time="31.258">
    <skipped/>
  </testcase> <!-- CheckoutProcess -->
  <testcase classname="DetailsOfAmazon.Website.TestCase11_CheckoutProcess" name="CheckoutProcess" time="32.735">
    <failure type="java.lang.NullPointerException" message="Cannot invoke &amp;quot;org.openqa.selenium.WebDriver.getClass()&amp;quot; because &amp;quot;exceptionDriver&amp;quot; is null">
      <![CDATA[java.lang.NullPointerException: Cannot invoke "org.openqa.selenium.WebDriver.getClass()" because "exceptionDriver" is null
at org.openqa.selenium.support.ui.WebDriverWait.timeoutException(WebDriverWait.java:85)
at org.openqa.selenium.support.ui.FluentWait.until(FluentWait.java:228)
at DetailsOfAmazon.Website.CheckOutProcessPage.Changeadd(CheckOutProcessPage.java:78)
at DetailsOfAmazon.Website.TestCase11_CheckoutProcess.CheckoutProcess(TestCase11_CheckoutProcess.java:28)
at java.base/java.util.ArrayList.forEach(ArrayList.java:1596)
... Removed 25 stack frames]]>
    </failure>
  </testcase> <!-- CheckoutProcess -->
</testsuite> <!-- chrome browser -->
