<html>
<head>
<title>TestNG:  chromebrowser</title>
<link href="../testng.css" rel="stylesheet" type="text/css" />
<link href="../my-testng.css" rel="stylesheet" type="text/css" />

<style type="text/css">
.log { display: none;} 
.stack-trace { display: none;} 
</style>
<script type="text/javascript">
<!--
function flip(e) {
  current = e.style.display;
  if (current == 'block') {
    e.style.display = 'none';
    return 0;
  }
  else {
    e.style.display = 'block';
    return 1;
  }
}

function toggleBox(szDivId, elem, msg1, msg2)
{
  var res = -1;  if (document.getElementById) {
    res = flip(document.getElementById(szDivId));
  }
  else if (document.all) {
    // this is the way old msie versions work
    res = flip(document.all[szDivId]);
  }
  if(elem) {
    if(res == 0) elem.innerHTML = msg1; else elem.innerHTML = msg2;
  }

}

function toggleAllBoxes() {
  if (document.getElementsByTagName) {
    d = document.getElementsByTagName('div');
    for (i = 0; i < d.length; i++) {
      if (d[i].className == 'log') {
        flip(d[i]);
      }
    }
  }
}

// -->
</script>

</head>
<body>
<h2 align='center'>chromebrowser</h2><table border='1' align="center">
<tr>
<td>Tests passed/Failed/Skipped:</td><td>9/0/1</td>
</tr><tr>
<td>Started on:</td><td>Sat Jul 12 13:52:55 IST 2025</td>
</tr>
<tr><td>Total time:</td><td>209 seconds (209499 ms)</td>
</tr><tr>
<td>Included groups:</td><td></td>
</tr><tr>
<td>Excluded groups:</td><td></td>
</tr>
</table><p/>
<small><i>(Hover the method name to see the test class name)</i></small><p/>
<table width='100%' border='1' class='invocation-passed'>
<tr><td colspan='4' align='center'><b>PASSED TESTS</b></td></tr>
<tr><td><b>Test method</b></td>
<td><b>Attribute(s)</b></td>
<td width="30%"><b>Exception</b></td>
<td width="10%"><b>Time (seconds)</b></td>
<td><b>Instance</b></td>
</tr>
<tr>
<td title='DetailsOfAmazon.Website.TestCase8_SoartingProducts.Sortingwithfilters()'><b>Sortingwithfilters</b><br>Test class: DetailsOfAmazon.Website.TestCase8_SoartingProducts<br/>
<a href="#Output-1087989112" onClick='toggleBox("Output-1087989112", this, "Show output", "Hide output");'>Show output</a>

<a href="#Output-1087989112" onClick="toggleAllBoxes();">Show all outputs</a>
<div class='log' id="Output-1087989112">
Testcase is passed<br/>
</div>
</td>
<td></td>
<td>8</td>
<td>DetailsOfAmazon.Website.TestCase8_SoartingProducts@65e98b1c</td></tr>
<tr>
<td title='DetailsOfAmazon.Website.Testcase1_Registration.RegistrationPageDetails()'><b>RegistrationPageDetails</b><br>Test class: DetailsOfAmazon.Website.Testcase1_Registration<br/>
<a href="#Output-1487814699" onClick='toggleBox("Output-1487814699", this, "Show output", "Hide output");'>Show output</a>

<a href="#Output-1487814699" onClick="toggleAllBoxes();">Show all outputs</a>
<div class='log' id="Output-1487814699">
Testcase is passed<br/>
</div>
</td>
<td></td>
<td>9</td>
<td>DetailsOfAmazon.Website.Testcase1_Registration@45c7e403</td></tr>
<tr>
<td title='DetailsOfAmazon.Website.Testcase2_ValidCredentials.ValidCredentials()'><b>ValidCredentials</b><br>Test class: DetailsOfAmazon.Website.Testcase2_ValidCredentials<br/>
<a href="#Output-586164630" onClick='toggleBox("Output-586164630", this, "Show output", "Hide output");'>Show output</a>

<a href="#Output-586164630" onClick="toggleAllBoxes();">Show all outputs</a>
<div class='log' id="Output-586164630">
Testcase is passed<br/>
</div>
</td>
<td></td>
<td>11</td>
<td>DetailsOfAmazon.Website.Testcase2_ValidCredentials@1ff4931d</td></tr>
<tr>
<td title='DetailsOfAmazon.Website.TestCase14_LastProductRating.Rating()'><b>Rating</b><br>Test class: DetailsOfAmazon.Website.TestCase14_LastProductRating<br/>
<a href="#Output-118566118" onClick='toggleBox("Output-118566118", this, "Show output", "Hide output");'>Show output</a>

<a href="#Output-118566118" onClick="toggleAllBoxes();">Show all outputs</a>
<div class='log' id="Output-118566118">
Testcase is passed<br/>
</div>
</td>
<td></td>
<td>26</td>
<td>DetailsOfAmazon.Website.TestCase14_LastProductRating@b3ca52e</td></tr>
<tr>
<td title='DetailsOfAmazon.Website.TestCase4_EditingProfile.EditingProfile()'><b>EditingProfile</b><br>Test class: DetailsOfAmazon.Website.TestCase4_EditingProfile<br/>
<a href="#Output-677329142" onClick='toggleBox("Output-677329142", this, "Show output", "Hide output");'>Show output</a>

<a href="#Output-677329142" onClick="toggleAllBoxes();">Show all outputs</a>
<div class='log' id="Output-677329142">
Testcase is passed<br/>
</div>
</td>
<td></td>
<td>16</td>
<td>DetailsOfAmazon.Website.TestCase4_EditingProfile@815b41f</td></tr>
<tr>
<td title='DetailsOfAmazon.Website.TestCase7_ProductDetailsPage.ProductDetails()'><b>ProductDetails</b><br>Test class: DetailsOfAmazon.Website.TestCase7_ProductDetailsPage<br/>
<a href="#Output-1834755909" onClick='toggleBox("Output-1834755909", this, "Show output", "Hide output");'>Show output</a>

<a href="#Output-1834755909" onClick="toggleAllBoxes();">Show all outputs</a>
<div class='log' id="Output-1834755909">
Testcase is passed<br/>
</div>
</td>
<td></td>
<td>14</td>
<td>DetailsOfAmazon.Website.TestCase7_ProductDetailsPage@752325ad</td></tr>
<tr>
<td title='DetailsOfAmazon.Website.TestCase6_SearchingWithFilters.Filters()'><b>Filters</b><br>Test class: DetailsOfAmazon.Website.TestCase6_SearchingWithFilters<br/>
<a href="#Output-1990720701" onClick='toggleBox("Output-1990720701", this, "Show output", "Hide output");'>Show output</a>

<a href="#Output-1990720701" onClick="toggleAllBoxes();">Show all outputs</a>
<div class='log' id="Output-1990720701">
Testcase is passed<br/>
</div>
</td>
<td></td>
<td>24</td>
<td>DetailsOfAmazon.Website.TestCase6_SearchingWithFilters@710f4dc7</td></tr>
<tr>
<td title='DetailsOfAmazon.Website.TestCase3_InvalidCredentials.InValidCredentials()'><b>InValidCredentials</b><br>Test class: DetailsOfAmazon.Website.TestCase3_InvalidCredentials<br/>
<a href="#Output-1143499107" onClick='toggleBox("Output-1143499107", this, "Show output", "Hide output");'>Show output</a>

<a href="#Output-1143499107" onClick="toggleAllBoxes();">Show all outputs</a>
<div class='log' id="Output-1143499107">
Testcase is passed<br/>
</div>
</td>
<td></td>
<td>7</td>
<td>DetailsOfAmazon.Website.TestCase3_InvalidCredentials@2925bf5b</td></tr>
<tr>
<td title='DetailsOfAmazon.Website.TestCase5_SearchForProduct.SearchDetails()'><b>SearchDetails</b><br>Test class: DetailsOfAmazon.Website.TestCase5_SearchForProduct<br/>
<a href="#Output-826245889" onClick='toggleBox("Output-826245889", this, "Show output", "Hide output");'>Show output</a>

<a href="#Output-826245889" onClick="toggleAllBoxes();">Show all outputs</a>
<div class='log' id="Output-826245889">
Testcase is passed<br/>
</div>
</td>
<td></td>
<td>10</td>
<td>DetailsOfAmazon.Website.TestCase5_SearchForProduct@279fedbd</td></tr>
</table><p>
<table width='100%' border='1' class='invocation-skipped'>
<tr><td colspan='4' align='center'><b>SKIPPED TESTS</b></td></tr>
<tr><td><b>Test method</b></td>
<td><b>Attribute(s)</b></td>
<td width="30%"><b>Exception</b></td>
<td width="10%"><b>Time (seconds)</b></td>
<td><b>Instance</b></td>
</tr>
<tr>
<td title='DetailsOfAmazon.Website.TestCase7_ProductDetailsPage.ProductDetails()'><b>ProductDetails</b><br>Test class: DetailsOfAmazon.Website.TestCase7_ProductDetailsPage</td>
<td><div><pre>java.lang.NullPointerException: Cannot invoke &quot;org.openqa.selenium.WebDriver.getClass()&quot; because &quot;exceptionDriver&quot; is null
	at org.openqa.selenium.support.ui.WebDriverWait.timeoutException(WebDriverWait.java:85)
	at org.openqa.selenium.support.ui.FluentWait.until(FluentWait.java:228)
	at DetailsOfAmazon.Website.PricedetailsPage.price(PricedetailsPage.java:49)
	at DetailsOfAmazon.Website.TestCase7_ProductDetailsPage.ProductDetails(TestCase7_ProductDetailsPage.java:19)
	at java.base/java.util.ArrayList.forEach(ArrayList.java:1596)
... Removed 25 stack frames</pre></div><a href='#' onClick='toggleBox("stack-trace1309191417", this, "Click to show all stack frames", "Click to hide stack frames")'>Click to show all stack frames</a>
<div class='stack-trace' id='stack-trace1309191417'><pre>java.lang.NullPointerException: Cannot invoke &quot;org.openqa.selenium.WebDriver.getClass()&quot; because &quot;exceptionDriver&quot; is null
	at org.openqa.selenium.support.ui.WebDriverWait.timeoutException(WebDriverWait.java:85)
	at org.openqa.selenium.support.ui.FluentWait.until(FluentWait.java:228)
	at DetailsOfAmazon.Website.PricedetailsPage.price(PricedetailsPage.java:49)
	at DetailsOfAmazon.Website.TestCase7_ProductDetailsPage.ProductDetails(TestCase7_ProductDetailsPage.java:19)
	at java.base/jdk.internal.reflect.DirectMethodHandleAccessor.invoke(DirectMethodHandleAccessor.java:103)
	at java.base/java.lang.reflect.Method.invoke(Method.java:580)
	at org.testng.internal.invokers.MethodInvocationHelper.invokeMethod(MethodInvocationHelper.java:141)
	at org.testng.internal.invokers.TestInvoker.invokeMethod(TestInvoker.java:687)
	at org.testng.internal.invokers.TestInvoker.invokeTestMethod(TestInvoker.java:230)
	at org.testng.internal.invokers.MethodRunner.runInSequence(MethodRunner.java:63)
	at org.testng.internal.invokers.TestInvoker$MethodInvocationAgent.invoke(TestInvoker.java:995)
	at org.testng.internal.invokers.TestInvoker.invokeTestMethods(TestInvoker.java:203)
	at org.testng.internal.invokers.TestMethodWorker.invokeTestMethods(TestMethodWorker.java:154)
	at org.testng.internal.invokers.TestMethodWorker.run(TestMethodWorker.java:134)
	at java.base/java.util.ArrayList.forEach(ArrayList.java:1596)
	at org.testng.TestRunner.privateRun(TestRunner.java:741)
	at org.testng.TestRunner.run(TestRunner.java:616)
	at org.testng.SuiteRunner.runTest(SuiteRunner.java:421)
	at org.testng.SuiteRunner.runSequentially(SuiteRunner.java:413)
	at org.testng.SuiteRunner.privateRun(SuiteRunner.java:373)
	at org.testng.SuiteRunner.run(SuiteRunner.java:312)
	at org.testng.SuiteRunnerWorker.runSuite(SuiteRunnerWorker.java:52)
	at org.testng.SuiteRunnerWorker.run(SuiteRunnerWorker.java:95)
	at org.testng.TestNG.runSuitesSequentially(TestNG.java:1274)
	at org.testng.TestNG.runSuitesLocally(TestNG.java:1208)
	at org.testng.TestNG.runSuites(TestNG.java:1112)
	at org.testng.TestNG.run(TestNG.java:1079)
	at org.testng.remote.AbstractRemoteTestNG.run(AbstractRemoteTestNG.java:115)
	at org.testng.remote.RemoteTestNG.initAndRun(RemoteTestNG.java:293)
	at org.testng.remote.RemoteTestNG.main(RemoteTestNG.java:91)
</pre></div></td>
<td>38</td>
<td>DetailsOfAmazon.Website.TestCase7_ProductDetailsPage@752325ad</td></tr>
</table><p>
</body>
</html>