<?xml version="1.0" encoding="UTF-8"?>
<!-- Generated by org.testng.reporters.JUnitXMLReporter -->
<testsuite ignored="0" hostname="ANUSRI" failures="3" tests="26" name="Test" time="591.256" errors="0" timestamp="2025-07-15T12:58:54 IST">
  <testcase classname="DetailsOfAmazon.Website.TestCase9_AddingToCart" name="AddingToCart" time="7.182"/>
  <testcase classname="DetailsOfAmazon.Website.TestCase13_ApplyCouponCode" name="CouponCode" time="35.194">
    <skipped/>
  </testcase> <!-- CouponCode -->
  <testcase classname="DetailsOfAmazon.Website.TestCase13_ApplyCouponCode" name="CouponCode" time="33.871">
    <skipped/>
  </testcase> <!-- CouponCode -->
  <testcase classname="DetailsOfAmazon.Website.TestCase13_ApplyCouponCode" name="CouponCode" time="31.925"/>
  <testcase classname="DetailsOfAmazon.Website.Testcase15_ReachTillCartPage" name="CartPage" time="9.495"/>
  <testcase classname="DetailsOfAmazon.Website.TestCase10_UpdatingandRemovingfromCart" name="UpdatingCart" time="31.861">
    <skipped/>
  </testcase> <!-- UpdatingCart -->
  <testcase classname="DetailsOfAmazon.Website.TestCase10_UpdatingandRemovingfromCart" name="UpdatingCart" time="31.331">
    <skipped/>
  </testcase> <!-- UpdatingCart -->
  <testcase classname="DetailsOfAmazon.Website.TestCase10_UpdatingandRemovingfromCart" name="UpdatingCart" time="31.08">
    <failure type="java.lang.NullPointerException" message="Cannot invoke &amp;quot;org.openqa.selenium.WebDriver.getClass()&amp;quot; because &amp;quot;exceptionDriver&amp;quot; is null">
      <![CDATA[java.lang.NullPointerException: Cannot invoke "org.openqa.selenium.WebDriver.getClass()" because "exceptionDriver" is null
at org.openqa.selenium.support.ui.WebDriverWait.timeoutException(WebDriverWait.java:85)
at org.openqa.selenium.support.ui.FluentWait.until(FluentWait.java:228)
at DetailsOfAmazon.Website.CartPage.AddtoCart1(CartPage.java:34)
at DetailsOfAmazon.Website.TestCase10_UpdatingandRemovingfromCart.UpdatingCart(TestCase10_UpdatingandRemovingfromCart.java:24)
at java.base/java.util.ArrayList.forEach(ArrayList.java:1596)
... Removed 29 stack frames]]>
    </failure>
  </testcase> <!-- UpdatingCart -->
  <testcase classname="DetailsOfAmazon.Website.TestCase4_EditingProfile" name="EditingProfile" time="12.878"/>
  <testcase classname="DetailsOfAmazon.Website.TestCase7_ProductDetailsPage" name="ProductDetails" time="6.121"/>
  <testcase classname="DetailsOfAmazon.Website.TestCase5_SearchForProduct" name="SearchDetails" time="2.31"/>
  <testcase classname="DetailsOfAmazon.Website.TestCase12_SelectingEachPayment" name="PaymentMethod" time="34.868">
    <skipped/>
  </testcase> <!-- PaymentMethod -->
  <testcase classname="DetailsOfAmazon.Website.TestCase12_SelectingEachPayment" name="PaymentMethod" time="32.41">
    <skipped/>
  </testcase> <!-- PaymentMethod -->
  <testcase classname="DetailsOfAmazon.Website.TestCase12_SelectingEachPayment" name="PaymentMethod" time="33.743">
    <failure type="java.lang.NullPointerException" message="Cannot invoke &amp;quot;org.openqa.selenium.WebDriver.getClass()&amp;quot; because &amp;quot;exceptionDriver&amp;quot; is null">
      <![CDATA[java.lang.NullPointerException: Cannot invoke "org.openqa.selenium.WebDriver.getClass()" because "exceptionDriver" is null
at org.openqa.selenium.support.ui.WebDriverWait.timeoutException(WebDriverWait.java:85)
at org.openqa.selenium.support.ui.FluentWait.until(FluentWait.java:228)
at DetailsOfAmazon.Website.CheckOutProcessPage.Changeadd(CheckOutProcessPage.java:78)
at DetailsOfAmazon.Website.TestCase12_SelectingEachPayment.PaymentMethod(TestCase12_SelectingEachPayment.java:26)
at java.base/java.util.ArrayList.forEach(ArrayList.java:1596)
... Removed 29 stack frames]]>
    </failure>
  </testcase> <!-- PaymentMethod -->
  <testcase classname="DetailsOfAmazon.Website.TestCase14_LastProductRating" name="Rating" time="14.026">
    <skipped/>
  </testcase> <!-- Rating -->
  <testcase classname="DetailsOfAmazon.Website.TestCase14_LastProductRating" name="Rating" time="11.177"/>
  <testcase classname="DetailsOfAmazon.Website.Testcase1_Registration" name="RegistrationPageDetails" time="2.773">
    <skipped/>
  </testcase> <!-- RegistrationPageDetails -->
  <testcase classname="DetailsOfAmazon.Website.Testcase1_Registration" name="RegistrationPageDetails" time="6.138"/>
  <testcase classname="DetailsOfAmazon.Website.TestCase3_InvalidCredentials" name="InValidCredentials" time="4.961"/>
  <testcase classname="DetailsOfAmazon.Website.TestCase6_SearchingWithFilters" name="Filters" time="7.916"/>
  <testcase classname="DetailsOfAmazon.Website.Testcase2_ValidCredentials" name="ValidCredentials" time="13.849">
    <skipped/>
  </testcase> <!-- ValidCredentials -->
  <testcase classname="DetailsOfAmazon.Website.Testcase2_ValidCredentials" name="ValidCredentials" time="5.821"/>
  <testcase classname="DetailsOfAmazon.Website.TestCase8_SoartingProducts" name="Sortingwithfilters" time="2.823"/>
  <testcase classname="DetailsOfAmazon.Website.TestCase11_CheckoutProcess" name="CheckoutProcess" time="33.735">
    <skipped/>
  </testcase> <!-- CheckoutProcess -->
  <testcase classname="DetailsOfAmazon.Website.TestCase11_CheckoutProcess" name="CheckoutProcess" time="35.799">
    <skipped/>
  </testcase> <!-- CheckoutProcess -->
  <testcase classname="DetailsOfAmazon.Website.TestCase11_CheckoutProcess" name="CheckoutProcess" time="32.293">
    <failure type="java.lang.NullPointerException" message="Cannot invoke &amp;quot;org.openqa.selenium.WebDriver.getClass()&amp;quot; because &amp;quot;exceptionDriver&amp;quot; is null">
      <![CDATA[java.lang.NullPointerException: Cannot invoke "org.openqa.selenium.WebDriver.getClass()" because "exceptionDriver" is null
at org.openqa.selenium.support.ui.WebDriverWait.timeoutException(WebDriverWait.java:85)
at org.openqa.selenium.support.ui.FluentWait.until(FluentWait.java:228)
at DetailsOfAmazon.Website.CheckOutProcessPage.Changeadd(CheckOutProcessPage.java:78)
at DetailsOfAmazon.Website.TestCase11_CheckoutProcess.CheckoutProcess(TestCase11_CheckoutProcess.java:28)
at java.base/java.util.ArrayList.forEach(ArrayList.java:1596)
... Removed 29 stack frames]]>
    </failure>
  </testcase> <!-- CheckoutProcess -->
</testsuite> <!-- Test -->
