<!DOCTYPE html PUBLIC "-//W3C//DTD XHTML 1.1//EN" "https://www.w3.org/TR/xhtml11/DTD/xhtml11.dtd">
<html xmlns="https://www.w3.org/1999/xhtml">
<head>
<meta http-equiv="content-type" content="text/html; charset=UTF-8"/>
<title>TestNG Report</title>
<style type="text/css">table {margin-bottom:10px;border-collapse:collapse;empty-cells:show}th,td {border:1px solid #009;padding:.25em .5em}th {vertical-align:bottom}td {vertical-align:top}table a {font-weight:bold}.stripe td {background-color: #E6EBF9}.num {text-align:right}.passedodd td {background-color: #3F3}.passedeven td {background-color: #0A0}.skippedodd td {background-color: #DDD}.skippedeven td {background-color: #CCC}.failedodd td,.attn {background-color: #F33}.failedeven td,.stripe .attn {background-color: #D00}.stacktrace {white-space:pre;font-family:monospace}.totop {font-size:85%;text-align:center;border-bottom:2px solid #000}.invisible {display:none}</style>
</head>
<body>
<table>
<tr><th>Test</th><th># Passed</th><th># Skipped</th><th># Retried</th><th># Failed</th><th>Time (ms)</th><th>Included Groups</th><th>Excluded Groups</th></tr>
<tr><th colspan="8">Suite</th></tr>
<tr><td><a href="#t0">Test</a></td><td class="num">13</td><td class="num">0</td><td class="num attn">9</td><td class="num attn">2</td><td class="num">519,731</td><td></td><td></td></tr>
</table>
<table id='summary'><thead><tr><th>Class</th><th>Method</th><th>Start</th><th>Time (ms)</th></tr></thead><tbody><tr><th colspan="4">Suite</th></tr></tbody><tbody id="t0"><tr><th colspan="4">Test &#8212; failed</th></tr><tr class="failedeven"><td rowspan="1">DetailsOfAmazon.Website.TestCase10_UpdatingandRemovingfromCart</td><td><a href="#m0">UpdatingCart</a></td><td rowspan="1">1752563532831</td><td rowspan="1">32894</td></tr><tr class="failedodd"><td rowspan="1">DetailsOfAmazon.Website.TestCase14_LastProductRating</td><td><a href="#m1">Rating</a></td><td rowspan="1">1752563704892</td><td rowspan="1">13146</td></tr><tr><th colspan="4">Test &#8212; retried</th></tr><tr class="retriedeven"><td rowspan="2">DetailsOfAmazon.Website.TestCase10_UpdatingandRemovingfromCart</td><td><a href="#m2">UpdatingCart</a></td><td rowspan="2">1752563498748</td><td rowspan="2">32503</td></tr><tr class="retriedeven"><td><a href="#m3">UpdatingCart</a></td></tr><tr class="retriedodd"><td rowspan="2">DetailsOfAmazon.Website.TestCase11_CheckoutProcess</td><td><a href="#m4">CheckoutProcess</a></td><td rowspan="2">1752563782215</td><td rowspan="2">38588</td></tr><tr class="retriedodd"><td><a href="#m5">CheckoutProcess</a></td></tr><tr class="retriedeven"><td rowspan="1">DetailsOfAmazon.Website.TestCase12_SelectingEachPayment</td><td><a href="#m6">PaymentMethod</a></td><td rowspan="1">1752563602441</td><td rowspan="1">34779</td></tr><tr class="retriedodd"><td rowspan="1">DetailsOfAmazon.Website.TestCase13_ApplyCouponCode</td><td><a href="#m7">CouponCode</a></td><td rowspan="1">1752563381092</td><td rowspan="1">34886</td></tr><tr class="retriedeven"><td rowspan="2">DetailsOfAmazon.Website.TestCase14_LastProductRating</td><td><a href="#m8">Rating</a></td><td rowspan="2">1752563686608</td><td rowspan="2">14590</td></tr><tr class="retriedeven"><td><a href="#m9">Rating</a></td></tr><tr class="retriedodd"><td rowspan="1">DetailsOfAmazon.Website.Testcase1_Registration</td><td><a href="#m10">RegistrationPageDetails</a></td><td rowspan="1">1752563719764</td><td rowspan="1">15586</td></tr><tr><th colspan="4">Test &#8212; passed</th></tr><tr class="passedeven"><td rowspan="1">DetailsOfAmazon.Website.TestCase11_CheckoutProcess</td><td><a href="#m11">CheckoutProcess</a></td><td rowspan="1">1752563860255</td><td rowspan="1">24474</td></tr><tr class="passedodd"><td rowspan="1">DetailsOfAmazon.Website.TestCase12_SelectingEachPayment</td><td><a href="#m12">PaymentMethod</a></td><td rowspan="1">1752563640218</td><td rowspan="1">24800</td></tr><tr class="passedeven"><td rowspan="1">DetailsOfAmazon.Website.TestCase13_ApplyCouponCode</td><td><a href="#m13">CouponCode</a></td><td rowspan="1">1752563418915</td><td rowspan="1">24852</td></tr><tr class="passedodd"><td rowspan="1">DetailsOfAmazon.Website.TestCase3_InvalidCredentials</td><td><a href="#m14">InValidCredentials</a></td><td rowspan="1">1752563747703</td><td rowspan="1">5181</td></tr><tr class="passedeven"><td rowspan="1">DetailsOfAmazon.Website.TestCase4_EditingProfile</td><td><a href="#m15">EditingProfile</a></td><td rowspan="1">1752563569804</td><td rowspan="1">13758</td></tr><tr class="passedodd"><td rowspan="1">DetailsOfAmazon.Website.TestCase5_SearchForProduct</td><td><a href="#m16">SearchDetails</a></td><td rowspan="1">1752563596804</td><td rowspan="1">2181</td></tr><tr class="passedeven"><td rowspan="1">DetailsOfAmazon.Website.TestCase6_SearchingWithFilters</td><td><a href="#m17">Filters</a></td><td rowspan="1">1752563756702</td><td rowspan="1">6876</td></tr><tr class="passedodd"><td rowspan="1">DetailsOfAmazon.Website.TestCase7_ProductDetailsPage</td><td><a href="#m18">ProductDetails</a></td><td rowspan="1">1752563587270</td><td rowspan="1">6132</td></tr><tr class="passedeven"><td rowspan="1">DetailsOfAmazon.Website.TestCase8_SoartingProducts</td><td><a href="#m19">Sortingwithfilters</a></td><td rowspan="1">1752563776124</td><td rowspan="1">3145</td></tr><tr class="passedodd"><td rowspan="1">DetailsOfAmazon.Website.TestCase9_AddingToCart</td><td><a href="#m20">AddingToCart</a></td><td rowspan="1">1752563369259</td><td rowspan="1">8177</td></tr><tr class="passedeven"><td rowspan="1">DetailsOfAmazon.Website.Testcase15_ReachTillCartPage</td><td><a href="#m21">CartPage</a></td><td rowspan="1">1752563448193</td><td rowspan="1">11905</td></tr><tr class="passedodd"><td rowspan="1">DetailsOfAmazon.Website.Testcase1_Registration</td><td><a href="#m22">RegistrationPageDetails</a></td><td rowspan="1">1752563738096</td><td rowspan="1">5834</td></tr><tr class="passedeven"><td rowspan="1">DetailsOfAmazon.Website.Testcase2_ValidCredentials</td><td><a href="#m23">ValidCredentials</a></td><td rowspan="1">1752563766962</td><td rowspan="1">5697</td></tr></tbody>
</table>
<h2>Test</h2><h3 id="m0">DetailsOfAmazon.Website.TestCase10_UpdatingandRemovingfromCart#UpdatingCart</h3><table class="result"><tr><th>Messages</th></tr><tr><td><div class="messages">Testcase is failed</div></td></tr><tr><th>Exception</th></tr><tr><td><div class="stacktrace">java.lang.NullPointerException: Cannot invoke &quot;org.openqa.selenium.WebDriver.getClass()&quot; because &quot;exceptionDriver&quot; is null
	at org.openqa.selenium.support.ui.WebDriverWait.timeoutException(WebDriverWait.java:85)
	at org.openqa.selenium.support.ui.FluentWait.until(FluentWait.java:228)
	at DetailsOfAmazon.Website.CartPage.AddtoCart1(CartPage.java:34)
	at DetailsOfAmazon.Website.TestCase10_UpdatingandRemovingfromCart.UpdatingCart(TestCase10_UpdatingandRemovingfromCart.java:24)
	at java.base/java.util.ArrayList.forEach(ArrayList.java:1596)
... Removed 25 stack frames</div></td></tr></table><p class="totop"><a href="#summary">back to summary</a></p>
<h3 id="m1">DetailsOfAmazon.Website.TestCase14_LastProductRating#Rating</h3><table class="result"><tr><th>Messages</th></tr><tr><td><div class="messages">Testcase is failed</div></td></tr><tr><th>Exception</th></tr><tr><td><div class="stacktrace">org.openqa.selenium.NoSuchElementException: no such element: Unable to locate element: {&quot;method&quot;:&quot;xpath&quot;,&quot;selector&quot;:&quot;//span[@class=&quot;a-button-text a-declarative&quot;]&quot;}
  (Session info: chrome=138.0.7204.101)
For documentation on this error, please visit: https://www.selenium.dev/documentation/webdriver/troubleshooting/errors#no-such-element-exception
Build info: version: &apos;4.32.0&apos;, revision: &apos;d17c8aa950&apos;
System info: os.name: &apos;Windows 11&apos;, os.arch: &apos;amd64&apos;, os.version: &apos;10.0&apos;, java.version: &apos;21.0.6&apos;
Driver info: org.openqa.selenium.chrome.ChromeDriver
Command: [03235799242aaee108d6080a7537ee3e, findElement {using=xpath, value=//span[@class=&quot;a-button-text a-declarative&quot;]}]
Capabilities {acceptInsecureCerts: false, browserName: chrome, browserVersion: 138.0.7204.101, chrome: {chromedriverVersion: 138.0.7204.94 (545025748884..., userDataDir: C:\Users\quali\AppData\Loca...}, fedcm:accounts: true, goog:chromeOptions: {debuggerAddress: localhost:59531}, networkConnectionEnabled: false, pageLoadStrategy: normal, platformName: windows, proxy: Proxy(), se:cdp: ws://localhost:59531/devtoo..., se:cdpVersion: 138.0.7204.101, setWindowRect: true, strictFileInteractability: false, timeouts: {implicit: 0, pageLoad: 300000, script: 30000}, unhandledPromptBehavior: dismiss and notify, webauthn:extension:credBlob: true, webauthn:extension:largeBlob: true, webauthn:extension:minPinLength: true, webauthn:extension:prf: true, webauthn:virtualAuthenticators: true}
Session ID: 03235799242aaee108d6080a7537ee3e
	at org.openqa.selenium.remote.ErrorCodec.decode(ErrorCodec.java:167)
	at org.openqa.selenium.remote.codec.w3c.W3CHttpResponseCodec.decode(W3CHttpResponseCodec.java:138)
	at org.openqa.selenium.remote.codec.w3c.W3CHttpResponseCodec.decode(W3CHttpResponseCodec.java:50)
	at org.openqa.selenium.remote.HttpCommandExecutor.execute(HttpCommandExecutor.java:215)
	at org.openqa.selenium.remote.service.DriverCommandExecutor.invokeExecute(DriverCommandExecutor.java:216)
	at org.openqa.selenium.remote.service.DriverCommandExecutor.execute(DriverCommandExecutor.java:174)
	at org.openqa.selenium.remote.RemoteWebDriver.execute(RemoteWebDriver.java:545)
	at org.openqa.selenium.remote.ElementLocation$ElementFinder$2.findElement(ElementLocation.java:165)
	at org.openqa.selenium.remote.ElementLocation.findElement(ElementLocation.java:59)
	at org.openqa.selenium.remote.RemoteWebDriver.findElement(RemoteWebDriver.java:368)
	at org.openqa.selenium.remote.RemoteWebDriver.findElement(RemoteWebDriver.java:362)
	at org.openqa.selenium.support.pagefactory.DefaultElementLocator.findElement(DefaultElementLocator.java:68)
	at org.openqa.selenium.support.pagefactory.internal.LocatingElementHandler.invoke(LocatingElementHandler.java:38)
	at jdk.proxy2/jdk.proxy2.$Proxy15.click(Unknown Source)
	at DetailsOfAmazon.Website.LastProductRatingPage.Orders(LastProductRatingPage.java:33)
	at DetailsOfAmazon.Website.TestCase14_LastProductRating.Rating(TestCase14_LastProductRating.java:21)
	at java.base/java.util.ArrayList.forEach(ArrayList.java:1596)
... Removed 28 stack frames</div></td></tr></table><p class="totop"><a href="#summary">back to summary</a></p>
<h3 id="m2">DetailsOfAmazon.Website.TestCase10_UpdatingandRemovingfromCart#UpdatingCart</h3><table class="result"><tr><th>Exception</th></tr><tr><td><div class="stacktrace">java.lang.NullPointerException: Cannot invoke &quot;org.openqa.selenium.WebDriver.getClass()&quot; because &quot;exceptionDriver&quot; is null
	at org.openqa.selenium.support.ui.WebDriverWait.timeoutException(WebDriverWait.java:85)
	at org.openqa.selenium.support.ui.FluentWait.until(FluentWait.java:228)
	at DetailsOfAmazon.Website.CartPage.AddtoCart1(CartPage.java:34)
	at DetailsOfAmazon.Website.TestCase10_UpdatingandRemovingfromCart.UpdatingCart(TestCase10_UpdatingandRemovingfromCart.java:24)
	at java.base/java.util.ArrayList.forEach(ArrayList.java:1596)
... Removed 25 stack frames</div></td></tr></table><p class="totop"><a href="#summary">back to summary</a></p>
<h3 id="m3">DetailsOfAmazon.Website.TestCase10_UpdatingandRemovingfromCart#UpdatingCart</h3><table class="result"><tr><th>Exception</th></tr><tr><td><div class="stacktrace">java.lang.NullPointerException: Cannot invoke &quot;org.openqa.selenium.WebDriver.getClass()&quot; because &quot;exceptionDriver&quot; is null
	at org.openqa.selenium.support.ui.WebDriverWait.timeoutException(WebDriverWait.java:85)
	at org.openqa.selenium.support.ui.FluentWait.until(FluentWait.java:228)
	at DetailsOfAmazon.Website.CartPage.AddtoCart1(CartPage.java:34)
	at DetailsOfAmazon.Website.TestCase10_UpdatingandRemovingfromCart.UpdatingCart(TestCase10_UpdatingandRemovingfromCart.java:24)
	at java.base/java.util.ArrayList.forEach(ArrayList.java:1596)
... Removed 25 stack frames</div></td></tr></table><p class="totop"><a href="#summary">back to summary</a></p>
<h3 id="m4">DetailsOfAmazon.Website.TestCase11_CheckoutProcess#CheckoutProcess</h3><table class="result"><tr><th>Exception</th></tr><tr><td><div class="stacktrace">java.lang.NullPointerException: Cannot invoke &quot;org.openqa.selenium.WebDriver.getClass()&quot; because &quot;exceptionDriver&quot; is null
	at org.openqa.selenium.support.ui.WebDriverWait.timeoutException(WebDriverWait.java:85)
	at org.openqa.selenium.support.ui.FluentWait.until(FluentWait.java:228)
	at DetailsOfAmazon.Website.CheckOutProcessPage.Address(CheckOutProcessPage.java:84)
	at DetailsOfAmazon.Website.TestCase11_CheckoutProcess.CheckoutProcess(TestCase11_CheckoutProcess.java:29)
	at java.base/java.util.ArrayList.forEach(ArrayList.java:1596)
... Removed 25 stack frames</div></td></tr></table><p class="totop"><a href="#summary">back to summary</a></p>
<h3 id="m5">DetailsOfAmazon.Website.TestCase11_CheckoutProcess#CheckoutProcess</h3><table class="result"><tr><th>Exception</th></tr><tr><td><div class="stacktrace">java.lang.NullPointerException: Cannot invoke &quot;org.openqa.selenium.WebDriver.getClass()&quot; because &quot;exceptionDriver&quot; is null
	at org.openqa.selenium.support.ui.WebDriverWait.timeoutException(WebDriverWait.java:85)
	at org.openqa.selenium.support.ui.FluentWait.until(FluentWait.java:228)
	at DetailsOfAmazon.Website.CheckOutProcessPage.Changeadd(CheckOutProcessPage.java:78)
	at DetailsOfAmazon.Website.TestCase11_CheckoutProcess.CheckoutProcess(TestCase11_CheckoutProcess.java:28)
	at java.base/java.util.ArrayList.forEach(ArrayList.java:1596)
... Removed 25 stack frames</div></td></tr></table><p class="totop"><a href="#summary">back to summary</a></p>
<h3 id="m6">DetailsOfAmazon.Website.TestCase12_SelectingEachPayment#PaymentMethod</h3><table class="result"><tr><th>Exception</th></tr><tr><td><div class="stacktrace">java.lang.NullPointerException: Cannot invoke &quot;org.openqa.selenium.WebDriver.getClass()&quot; because &quot;exceptionDriver&quot; is null
	at org.openqa.selenium.support.ui.WebDriverWait.timeoutException(WebDriverWait.java:85)
	at org.openqa.selenium.support.ui.FluentWait.until(FluentWait.java:228)
	at DetailsOfAmazon.Website.CheckOutProcessPage.Changeadd(CheckOutProcessPage.java:78)
	at DetailsOfAmazon.Website.TestCase12_SelectingEachPayment.PaymentMethod(TestCase12_SelectingEachPayment.java:26)
	at java.base/java.util.ArrayList.forEach(ArrayList.java:1596)
... Removed 25 stack frames</div></td></tr></table><p class="totop"><a href="#summary">back to summary</a></p>
<h3 id="m7">DetailsOfAmazon.Website.TestCase13_ApplyCouponCode#CouponCode</h3><table class="result"><tr><th>Exception</th></tr><tr><td><div class="stacktrace">java.lang.NullPointerException: Cannot invoke &quot;org.openqa.selenium.WebDriver.getClass()&quot; because &quot;exceptionDriver&quot; is null
	at org.openqa.selenium.support.ui.WebDriverWait.timeoutException(WebDriverWait.java:85)
	at org.openqa.selenium.support.ui.FluentWait.until(FluentWait.java:228)
	at DetailsOfAmazon.Website.CheckOutProcessPage.Changeadd(CheckOutProcessPage.java:78)
	at DetailsOfAmazon.Website.TestCase13_ApplyCouponCode.CouponCode(TestCase13_ApplyCouponCode.java:26)
	at java.base/java.util.ArrayList.forEach(ArrayList.java:1596)
... Removed 25 stack frames</div></td></tr></table><p class="totop"><a href="#summary">back to summary</a></p>
<h3 id="m8">DetailsOfAmazon.Website.TestCase14_LastProductRating#Rating</h3><table class="result"><tr><th>Exception</th></tr><tr><td><div class="stacktrace">org.openqa.selenium.NoSuchElementException: no such element: Unable to locate element: {&quot;method&quot;:&quot;xpath&quot;,&quot;selector&quot;:&quot;//span[@class=&quot;a-button-text a-declarative&quot;]&quot;}
  (Session info: chrome=138.0.7204.101)
For documentation on this error, please visit: https://www.selenium.dev/documentation/webdriver/troubleshooting/errors#no-such-element-exception
Build info: version: &apos;4.32.0&apos;, revision: &apos;d17c8aa950&apos;
System info: os.name: &apos;Windows 11&apos;, os.arch: &apos;amd64&apos;, os.version: &apos;10.0&apos;, java.version: &apos;21.0.6&apos;
Driver info: org.openqa.selenium.chrome.ChromeDriver
Command: [4306eef80cb0d34f545e53b7785e894d, findElement {using=xpath, value=//span[@class=&quot;a-button-text a-declarative&quot;]}]
Capabilities {acceptInsecureCerts: false, browserName: chrome, browserVersion: 138.0.7204.101, chrome: {chromedriverVersion: 138.0.7204.94 (545025748884..., userDataDir: C:\Users\quali\AppData\Loca...}, fedcm:accounts: true, goog:chromeOptions: {debuggerAddress: localhost:59457}, networkConnectionEnabled: false, pageLoadStrategy: normal, platformName: windows, proxy: Proxy(), se:cdp: ws://localhost:59457/devtoo..., se:cdpVersion: 138.0.7204.101, setWindowRect: true, strictFileInteractability: false, timeouts: {implicit: 0, pageLoad: 300000, script: 30000}, unhandledPromptBehavior: dismiss and notify, webauthn:extension:credBlob: true, webauthn:extension:largeBlob: true, webauthn:extension:minPinLength: true, webauthn:extension:prf: true, webauthn:virtualAuthenticators: true}
Session ID: 4306eef80cb0d34f545e53b7785e894d
	at org.openqa.selenium.remote.ErrorCodec.decode(ErrorCodec.java:167)
	at org.openqa.selenium.remote.codec.w3c.W3CHttpResponseCodec.decode(W3CHttpResponseCodec.java:138)
	at org.openqa.selenium.remote.codec.w3c.W3CHttpResponseCodec.decode(W3CHttpResponseCodec.java:50)
	at org.openqa.selenium.remote.HttpCommandExecutor.execute(HttpCommandExecutor.java:215)
	at org.openqa.selenium.remote.service.DriverCommandExecutor.invokeExecute(DriverCommandExecutor.java:216)
	at org.openqa.selenium.remote.service.DriverCommandExecutor.execute(DriverCommandExecutor.java:174)
	at org.openqa.selenium.remote.RemoteWebDriver.execute(RemoteWebDriver.java:545)
	at org.openqa.selenium.remote.ElementLocation$ElementFinder$2.findElement(ElementLocation.java:165)
	at org.openqa.selenium.remote.ElementLocation.findElement(ElementLocation.java:59)
	at org.openqa.selenium.remote.RemoteWebDriver.findElement(RemoteWebDriver.java:368)
	at org.openqa.selenium.remote.RemoteWebDriver.findElement(RemoteWebDriver.java:362)
	at org.openqa.selenium.support.pagefactory.DefaultElementLocator.findElement(DefaultElementLocator.java:68)
	at org.openqa.selenium.support.pagefactory.internal.LocatingElementHandler.invoke(LocatingElementHandler.java:38)
	at jdk.proxy2/jdk.proxy2.$Proxy15.click(Unknown Source)
	at DetailsOfAmazon.Website.LastProductRatingPage.Orders(LastProductRatingPage.java:33)
	at DetailsOfAmazon.Website.TestCase14_LastProductRating.Rating(TestCase14_LastProductRating.java:21)
	at java.base/java.util.ArrayList.forEach(ArrayList.java:1596)
... Removed 28 stack frames</div></td></tr></table><p class="totop"><a href="#summary">back to summary</a></p>
<h3 id="m9">DetailsOfAmazon.Website.TestCase14_LastProductRating#Rating</h3><table class="result"><tr><th>Exception</th></tr><tr><td><div class="stacktrace">org.openqa.selenium.NoSuchElementException: no such element: Unable to locate element: {&quot;method&quot;:&quot;xpath&quot;,&quot;selector&quot;:&quot;//span[@class=&quot;a-button-text a-declarative&quot;]&quot;}
  (Session info: chrome=138.0.7204.101)
For documentation on this error, please visit: https://www.selenium.dev/documentation/webdriver/troubleshooting/errors#no-such-element-exception
Build info: version: &apos;4.32.0&apos;, revision: &apos;d17c8aa950&apos;
System info: os.name: &apos;Windows 11&apos;, os.arch: &apos;amd64&apos;, os.version: &apos;10.0&apos;, java.version: &apos;21.0.6&apos;
Driver info: org.openqa.selenium.chrome.ChromeDriver
Command: [57e3dfc3c4135682ef86be3e6a65bd0b, findElement {using=xpath, value=//span[@class=&quot;a-button-text a-declarative&quot;]}]
Capabilities {acceptInsecureCerts: false, browserName: chrome, browserVersion: 138.0.7204.101, chrome: {chromedriverVersion: 138.0.7204.94 (545025748884..., userDataDir: C:\Users\quali\AppData\Loca...}, fedcm:accounts: true, goog:chromeOptions: {debuggerAddress: localhost:59362}, networkConnectionEnabled: false, pageLoadStrategy: normal, platformName: windows, proxy: Proxy(), se:cdp: ws://localhost:59362/devtoo..., se:cdpVersion: 138.0.7204.101, setWindowRect: true, strictFileInteractability: false, timeouts: {implicit: 0, pageLoad: 300000, script: 30000}, unhandledPromptBehavior: dismiss and notify, webauthn:extension:credBlob: true, webauthn:extension:largeBlob: true, webauthn:extension:minPinLength: true, webauthn:extension:prf: true, webauthn:virtualAuthenticators: true}
Session ID: 57e3dfc3c4135682ef86be3e6a65bd0b
	at org.openqa.selenium.remote.ErrorCodec.decode(ErrorCodec.java:167)
	at org.openqa.selenium.remote.codec.w3c.W3CHttpResponseCodec.decode(W3CHttpResponseCodec.java:138)
	at org.openqa.selenium.remote.codec.w3c.W3CHttpResponseCodec.decode(W3CHttpResponseCodec.java:50)
	at org.openqa.selenium.remote.HttpCommandExecutor.execute(HttpCommandExecutor.java:215)
	at org.openqa.selenium.remote.service.DriverCommandExecutor.invokeExecute(DriverCommandExecutor.java:216)
	at org.openqa.selenium.remote.service.DriverCommandExecutor.execute(DriverCommandExecutor.java:174)
	at org.openqa.selenium.remote.RemoteWebDriver.execute(RemoteWebDriver.java:545)
	at org.openqa.selenium.remote.ElementLocation$ElementFinder$2.findElement(ElementLocation.java:165)
	at org.openqa.selenium.remote.ElementLocation.findElement(ElementLocation.java:59)
	at org.openqa.selenium.remote.RemoteWebDriver.findElement(RemoteWebDriver.java:368)
	at org.openqa.selenium.remote.RemoteWebDriver.findElement(RemoteWebDriver.java:362)
	at org.openqa.selenium.support.pagefactory.DefaultElementLocator.findElement(DefaultElementLocator.java:68)
	at org.openqa.selenium.support.pagefactory.internal.LocatingElementHandler.invoke(LocatingElementHandler.java:38)
	at jdk.proxy2/jdk.proxy2.$Proxy15.click(Unknown Source)
	at DetailsOfAmazon.Website.LastProductRatingPage.Orders(LastProductRatingPage.java:33)
	at DetailsOfAmazon.Website.TestCase14_LastProductRating.Rating(TestCase14_LastProductRating.java:21)
	at java.base/java.util.ArrayList.forEach(ArrayList.java:1596)
... Removed 28 stack frames</div></td></tr></table><p class="totop"><a href="#summary">back to summary</a></p>
<h3 id="m10">DetailsOfAmazon.Website.Testcase1_Registration#RegistrationPageDetails</h3><table class="result"><tr><th>Exception</th></tr><tr><td><div class="stacktrace">org.openqa.selenium.NoSuchElementException: no such element: Unable to locate element: {&quot;method&quot;:&quot;xpath&quot;,&quot;selector&quot;:&quot;//span[@class=&quot;nav-line-2 &quot;]&quot;}
  (Session info: chrome=138.0.7204.101)
For documentation on this error, please visit: https://www.selenium.dev/documentation/webdriver/troubleshooting/errors#no-such-element-exception
Build info: version: &apos;4.32.0&apos;, revision: &apos;d17c8aa950&apos;
System info: os.name: &apos;Windows 11&apos;, os.arch: &apos;amd64&apos;, os.version: &apos;10.0&apos;, java.version: &apos;21.0.6&apos;
Driver info: org.openqa.selenium.chrome.ChromeDriver
Command: [1db02d9d0e8f13c9e8069d1f84988dba, findElement {using=xpath, value=//span[@class=&quot;nav-line-2 &quot;]}]
Capabilities {acceptInsecureCerts: false, browserName: chrome, browserVersion: 138.0.7204.101, chrome: {chromedriverVersion: 138.0.7204.94 (545025748884..., userDataDir: C:\Users\quali\AppData\Loca...}, fedcm:accounts: true, goog:chromeOptions: {debuggerAddress: localhost:59609}, networkConnectionEnabled: false, pageLoadStrategy: normal, platformName: windows, proxy: Proxy(), se:cdp: ws://localhost:59609/devtoo..., se:cdpVersion: 138.0.7204.101, setWindowRect: true, strictFileInteractability: false, timeouts: {implicit: 0, pageLoad: 300000, script: 30000}, unhandledPromptBehavior: dismiss and notify, webauthn:extension:credBlob: true, webauthn:extension:largeBlob: true, webauthn:extension:minPinLength: true, webauthn:extension:prf: true, webauthn:virtualAuthenticators: true}
Session ID: 1db02d9d0e8f13c9e8069d1f84988dba
	at org.openqa.selenium.remote.ErrorCodec.decode(ErrorCodec.java:167)
	at org.openqa.selenium.remote.codec.w3c.W3CHttpResponseCodec.decode(W3CHttpResponseCodec.java:138)
	at org.openqa.selenium.remote.codec.w3c.W3CHttpResponseCodec.decode(W3CHttpResponseCodec.java:50)
	at org.openqa.selenium.remote.HttpCommandExecutor.execute(HttpCommandExecutor.java:215)
	at org.openqa.selenium.remote.service.DriverCommandExecutor.invokeExecute(DriverCommandExecutor.java:216)
	at org.openqa.selenium.remote.service.DriverCommandExecutor.execute(DriverCommandExecutor.java:174)
	at org.openqa.selenium.remote.RemoteWebDriver.execute(RemoteWebDriver.java:545)
	at org.openqa.selenium.remote.ElementLocation$ElementFinder$2.findElement(ElementLocation.java:165)
	at org.openqa.selenium.remote.ElementLocation.findElement(ElementLocation.java:59)
	at org.openqa.selenium.remote.RemoteWebDriver.findElement(RemoteWebDriver.java:368)
	at org.openqa.selenium.remote.RemoteWebDriver.findElement(RemoteWebDriver.java:362)
	at org.openqa.selenium.support.pagefactory.DefaultElementLocator.findElement(DefaultElementLocator.java:68)
	at org.openqa.selenium.support.pagefactory.internal.LocatingElementHandler.invoke(LocatingElementHandler.java:38)
	at jdk.proxy2/jdk.proxy2.$Proxy15.getText(Unknown Source)
	at DetailsOfAmazon.Website.RegistrationPage.VerifyingUsingText(RegistrationPage.java:51)
	at DetailsOfAmazon.Website.Testcase1_Registration.RegistrationPageDetails(Testcase1_Registration.java:22)
	at java.base/java.util.ArrayList.forEach(ArrayList.java:1596)
... Removed 28 stack frames</div></td></tr></table><p class="totop"><a href="#summary">back to summary</a></p>
<h3 id="m11">DetailsOfAmazon.Website.TestCase11_CheckoutProcess#CheckoutProcess</h3><table class="result"><tr><th>Messages</th></tr><tr><td><div class="messages">Testcase is passed</div></td></tr></table><p class="totop"><a href="#summary">back to summary</a></p>
<h3 id="m12">DetailsOfAmazon.Website.TestCase12_SelectingEachPayment#PaymentMethod</h3><table class="result"><tr><th>Messages</th></tr><tr><td><div class="messages">Testcase is passed</div></td></tr></table><p class="totop"><a href="#summary">back to summary</a></p>
<h3 id="m13">DetailsOfAmazon.Website.TestCase13_ApplyCouponCode#CouponCode</h3><table class="result"><tr><th>Messages</th></tr><tr><td><div class="messages">Testcase is passed</div></td></tr></table><p class="totop"><a href="#summary">back to summary</a></p>
<h3 id="m14">DetailsOfAmazon.Website.TestCase3_InvalidCredentials#InValidCredentials</h3><table class="result"><tr><th>Messages</th></tr><tr><td><div class="messages">Testcase is passed</div></td></tr></table><p class="totop"><a href="#summary">back to summary</a></p>
<h3 id="m15">DetailsOfAmazon.Website.TestCase4_EditingProfile#EditingProfile</h3><table class="result"><tr><th>Messages</th></tr><tr><td><div class="messages">Testcase is passed</div></td></tr></table><p class="totop"><a href="#summary">back to summary</a></p>
<h3 id="m16">DetailsOfAmazon.Website.TestCase5_SearchForProduct#SearchDetails</h3><table class="result"><tr><th>Messages</th></tr><tr><td><div class="messages">Testcase is passed</div></td></tr></table><p class="totop"><a href="#summary">back to summary</a></p>
<h3 id="m17">DetailsOfAmazon.Website.TestCase6_SearchingWithFilters#Filters</h3><table class="result"><tr><th>Messages</th></tr><tr><td><div class="messages">Testcase is passed</div></td></tr></table><p class="totop"><a href="#summary">back to summary</a></p>
<h3 id="m18">DetailsOfAmazon.Website.TestCase7_ProductDetailsPage#ProductDetails</h3><table class="result"><tr><th>Messages</th></tr><tr><td><div class="messages">Testcase is passed</div></td></tr></table><p class="totop"><a href="#summary">back to summary</a></p>
<h3 id="m19">DetailsOfAmazon.Website.TestCase8_SoartingProducts#Sortingwithfilters</h3><table class="result"><tr><th>Messages</th></tr><tr><td><div class="messages">Testcase is passed</div></td></tr></table><p class="totop"><a href="#summary">back to summary</a></p>
<h3 id="m20">DetailsOfAmazon.Website.TestCase9_AddingToCart#AddingToCart</h3><table class="result"><tr><th>Messages</th></tr><tr><td><div class="messages">Testcase is passed</div></td></tr></table><p class="totop"><a href="#summary">back to summary</a></p>
<h3 id="m21">DetailsOfAmazon.Website.Testcase15_ReachTillCartPage#CartPage</h3><table class="result"><tr><th>Messages</th></tr><tr><td><div class="messages">Testcase is passed</div></td></tr></table><p class="totop"><a href="#summary">back to summary</a></p>
<h3 id="m22">DetailsOfAmazon.Website.Testcase1_Registration#RegistrationPageDetails</h3><table class="result"><tr><th>Messages</th></tr><tr><td><div class="messages">Testcase is passed</div></td></tr></table><p class="totop"><a href="#summary">back to summary</a></p>
<h3 id="m23">DetailsOfAmazon.Website.Testcase2_ValidCredentials#ValidCredentials</h3><table class="result"><tr><th>Messages</th></tr><tr><td><div class="messages">Testcase is passed</div></td></tr></table><p class="totop"><a href="#summary">back to summary</a></p>
</body>
</html>
