<?xml version="1.0" encoding="UTF-8"?>
<testng-results retried="9" ignored="0" total="24" passed="13" failed="2" skipped="0">
  <reporter-output>
    <line>
      <![CDATA[Testcase is passed]]>
    </line>
    <line>
      <![CDATA[Testcase is passed]]>
    </line>
    <line>
      <![CDATA[Testcase is passed]]>
    </line>
    <line>
      <![CDATA[Testcase is failed]]>
    </line>
    <line>
      <![CDATA[Testcase is passed]]>
    </line>
    <line>
      <![CDATA[Testcase is passed]]>
    </line>
    <line>
      <![CDATA[Testcase is passed]]>
    </line>
    <line>
      <![CDATA[Testcase is passed]]>
    </line>
    <line>
      <![CDATA[Testcase is failed]]>
    </line>
    <line>
      <![CDATA[Testcase is passed]]>
    </line>
    <line>
      <![CDATA[Testcase is passed]]>
    </line>
    <line>
      <![CDATA[Testcase is passed]]>
    </line>
    <line>
      <![CDATA[Testcase is passed]]>
    </line>
    <line>
      <![CDATA[Testcase is passed]]>
    </line>
    <line>
      <![CDATA[Testcase is passed]]>
    </line>
  </reporter-output>
  <suite started-at="2025-07-15T12:39:25 IST" name="Suite" finished-at="2025-07-15T12:48:04 IST" duration-ms="519731">
    <groups>
    </groups>
    <test started-at="2025-07-15T12:39:25 IST" name="Test" finished-at="2025-07-15T12:48:04 IST" duration-ms="519731">
      <class name="DetailsOfAmazon.Website.TestCase7_ProductDetailsPage">
        <test-method is-config="true" signature="starting(java.lang.String)[pri:0, instance:DetailsOfAmazon.Website.TestCase7_ProductDetailsPage@fa4c865]" started-at="2025-07-15T12:43:03 IST" name="starting" finished-at="2025-07-15T12:43:07 IST" duration-ms="3421" status="PASS">
          <params>
            <param index="0">
              <value>
                <![CDATA[chrome]]>
              </value>
            </param>
          </params>
          <reporter-output>
          </reporter-output>
        </test-method> <!-- starting -->
        <test-method signature="ProductDetails()[pri:0, instance:DetailsOfAmazon.Website.TestCase7_ProductDetailsPage@fa4c865]" started-at="2025-07-15T12:43:07 IST" name="ProductDetails" finished-at="2025-07-15T12:43:13 IST" duration-ms="6132" status="PASS">
          <reporter-output>
            <line>
              <![CDATA[Testcase is passed]]>
            </line>
          </reporter-output>
        </test-method> <!-- ProductDetails -->
        <test-method is-config="true" signature="closing()[pri:0, instance:DetailsOfAmazon.Website.TestCase7_ProductDetailsPage@fa4c865]" started-at="2025-07-15T12:43:13 IST" name="closing" finished-at="2025-07-15T12:43:13 IST" duration-ms="274" status="PASS">
          <reporter-output>
          </reporter-output>
        </test-method> <!-- closing -->
      </class> <!-- DetailsOfAmazon.Website.TestCase7_ProductDetailsPage -->
      <class name="DetailsOfAmazon.Website.TestCase14_LastProductRating">
        <test-method is-config="true" signature="starting(java.lang.String)[pri:0, instance:DetailsOfAmazon.Website.TestCase14_LastProductRating@247bddad]" started-at="2025-07-15T12:44:25 IST" name="starting" finished-at="2025-07-15T12:44:28 IST" duration-ms="3381" status="PASS">
          <params>
            <param index="0">
              <value>
                <![CDATA[chrome]]>
              </value>
            </param>
          </params>
          <reporter-output>
          </reporter-output>
        </test-method> <!-- starting -->
        <test-method retried="true" signature="Rating()[pri:0, instance:DetailsOfAmazon.Website.TestCase14_LastProductRating@247bddad]" started-at="2025-07-15T12:44:28 IST" name="Rating" finished-at="2025-07-15T12:44:42 IST" duration-ms="14172" status="SKIP">
          <exception class="org.openqa.selenium.NoSuchElementException">
            <message>
              <![CDATA[no such element: Unable to locate element: {"method":"xpath","selector":"//span[@class="a-button-text a-declarative"]"}
  (Session info: chrome=138.0.7204.101)
For documentation on this error, please visit: https://www.selenium.dev/documentation/webdriver/troubleshooting/errors#no-such-element-exception
Build info: version: '4.32.0', revision: 'd17c8aa950'
System info: os.name: 'Windows 11', os.arch: 'amd64', os.version: '10.0', java.version: '21.0.6'
Driver info: org.openqa.selenium.chrome.ChromeDriver
Command: [57e3dfc3c4135682ef86be3e6a65bd0b, findElement {using=xpath, value=//span[@class="a-button-text a-declarative"]}]
Capabilities {acceptInsecureCerts: false, browserName: chrome, browserVersion: 138.0.7204.101, chrome: {chromedriverVersion: 138.0.7204.94 (545025748884..., userDataDir: C:\Users\quali\AppData\Loca...}, fedcm:accounts: true, goog:chromeOptions: {debuggerAddress: localhost:59362}, networkConnectionEnabled: false, pageLoadStrategy: normal, platformName: windows, proxy: Proxy(), se:cdp: ws://localhost:59362/devtoo..., se:cdpVersion: 138.0.7204.101, setWindowRect: true, strictFileInteractability: false, timeouts: {implicit: 0, pageLoad: 300000, script: 30000}, unhandledPromptBehavior: dismiss and notify, webauthn:extension:credBlob: true, webauthn:extension:largeBlob: true, webauthn:extension:minPinLength: true, webauthn:extension:prf: true, webauthn:virtualAuthenticators: true}
Session ID: 57e3dfc3c4135682ef86be3e6a65bd0b]]>
            </message>
            <full-stacktrace>
              <![CDATA[org.openqa.selenium.NoSuchElementException: no such element: Unable to locate element: {"method":"xpath","selector":"//span[@class="a-button-text a-declarative"]"}
  (Session info: chrome=138.0.7204.101)
For documentation on this error, please visit: https://www.selenium.dev/documentation/webdriver/troubleshooting/errors#no-such-element-exception
Build info: version: '4.32.0', revision: 'd17c8aa950'
System info: os.name: 'Windows 11', os.arch: 'amd64', os.version: '10.0', java.version: '21.0.6'
Driver info: org.openqa.selenium.chrome.ChromeDriver
Command: [57e3dfc3c4135682ef86be3e6a65bd0b, findElement {using=xpath, value=//span[@class="a-button-text a-declarative"]}]
Capabilities {acceptInsecureCerts: false, browserName: chrome, browserVersion: 138.0.7204.101, chrome: {chromedriverVersion: 138.0.7204.94 (545025748884..., userDataDir: C:\Users\quali\AppData\Loca...}, fedcm:accounts: true, goog:chromeOptions: {debuggerAddress: localhost:59362}, networkConnectionEnabled: false, pageLoadStrategy: normal, platformName: windows, proxy: Proxy(), se:cdp: ws://localhost:59362/devtoo..., se:cdpVersion: 138.0.7204.101, setWindowRect: true, strictFileInteractability: false, timeouts: {implicit: 0, pageLoad: 300000, script: 30000}, unhandledPromptBehavior: dismiss and notify, webauthn:extension:credBlob: true, webauthn:extension:largeBlob: true, webauthn:extension:minPinLength: true, webauthn:extension:prf: true, webauthn:virtualAuthenticators: true}
Session ID: 57e3dfc3c4135682ef86be3e6a65bd0b
at java.base/jdk.internal.reflect.DirectConstructorHandleAccessor.newInstance(DirectConstructorHandleAccessor.java:62)
at java.base/java.lang.reflect.Constructor.newInstanceWithCaller(Constructor.java:502)
at java.base/java.lang.reflect.Constructor.newInstance(Constructor.java:486)
at org.openqa.selenium.remote.ErrorCodec.decode(ErrorCodec.java:167)
at org.openqa.selenium.remote.codec.w3c.W3CHttpResponseCodec.decode(W3CHttpResponseCodec.java:138)
at org.openqa.selenium.remote.codec.w3c.W3CHttpResponseCodec.decode(W3CHttpResponseCodec.java:50)
at org.openqa.selenium.remote.HttpCommandExecutor.execute(HttpCommandExecutor.java:215)
at org.openqa.selenium.remote.service.DriverCommandExecutor.invokeExecute(DriverCommandExecutor.java:216)
at org.openqa.selenium.remote.service.DriverCommandExecutor.execute(DriverCommandExecutor.java:174)
at org.openqa.selenium.remote.RemoteWebDriver.execute(RemoteWebDriver.java:545)
at org.openqa.selenium.remote.ElementLocation$ElementFinder$2.findElement(ElementLocation.java:165)
at org.openqa.selenium.remote.ElementLocation.findElement(ElementLocation.java:59)
at org.openqa.selenium.remote.RemoteWebDriver.findElement(RemoteWebDriver.java:368)
at org.openqa.selenium.remote.RemoteWebDriver.findElement(RemoteWebDriver.java:362)
at org.openqa.selenium.support.pagefactory.DefaultElementLocator.findElement(DefaultElementLocator.java:68)
at org.openqa.selenium.support.pagefactory.internal.LocatingElementHandler.invoke(LocatingElementHandler.java:38)
at jdk.proxy2/jdk.proxy2.$Proxy15.click(Unknown Source)
at DetailsOfAmazon.Website.LastProductRatingPage.Orders(LastProductRatingPage.java:33)
at DetailsOfAmazon.Website.TestCase14_LastProductRating.Rating(TestCase14_LastProductRating.java:21)
at java.base/jdk.internal.reflect.DirectMethodHandleAccessor.invoke(DirectMethodHandleAccessor.java:103)
at java.base/java.lang.reflect.Method.invoke(Method.java:580)
at org.testng.internal.invokers.MethodInvocationHelper.invokeMethod(MethodInvocationHelper.java:141)
at org.testng.internal.invokers.TestInvoker.invokeMethod(TestInvoker.java:687)
at org.testng.internal.invokers.TestInvoker.invokeTestMethod(TestInvoker.java:230)
at org.testng.internal.invokers.MethodRunner.runInSequence(MethodRunner.java:63)
at org.testng.internal.invokers.TestInvoker$MethodInvocationAgent.invoke(TestInvoker.java:995)
at org.testng.internal.invokers.TestInvoker.invokeTestMethods(TestInvoker.java:203)
at org.testng.internal.invokers.TestMethodWorker.invokeTestMethods(TestMethodWorker.java:154)
at org.testng.internal.invokers.TestMethodWorker.run(TestMethodWorker.java:134)
at java.base/java.util.ArrayList.forEach(ArrayList.java:1596)
at org.testng.TestRunner.privateRun(TestRunner.java:741)
at org.testng.TestRunner.run(TestRunner.java:616)
at org.testng.SuiteRunner.runTest(SuiteRunner.java:421)
at org.testng.SuiteRunner.runSequentially(SuiteRunner.java:413)
at org.testng.SuiteRunner.privateRun(SuiteRunner.java:373)
at org.testng.SuiteRunner.run(SuiteRunner.java:312)
at org.testng.SuiteRunnerWorker.runSuite(SuiteRunnerWorker.java:52)
at org.testng.SuiteRunnerWorker.run(SuiteRunnerWorker.java:95)
at org.testng.TestNG.runSuitesSequentially(TestNG.java:1274)
at org.testng.TestNG.runSuitesLocally(TestNG.java:1208)
at org.testng.TestNG.runSuites(TestNG.java:1112)
at org.testng.TestNG.run(TestNG.java:1079)
at org.testng.remote.AbstractRemoteTestNG.run(AbstractRemoteTestNG.java:115)
at org.testng.remote.RemoteTestNG.initAndRun(RemoteTestNG.java:293)
at org.testng.remote.RemoteTestNG.main(RemoteTestNG.java:91)
]]>
            </full-stacktrace>
          </exception> <!-- org.openqa.selenium.NoSuchElementException -->
          <reporter-output>
          </reporter-output>
        </test-method> <!-- Rating -->
        <test-method is-config="true" signature="closing()[pri:0, instance:DetailsOfAmazon.Website.TestCase14_LastProductRating@247bddad]" started-at="2025-07-15T12:44:42 IST" name="closing" finished-at="2025-07-15T12:44:42 IST" duration-ms="147" status="PASS">
          <reporter-output>
          </reporter-output>
        </test-method> <!-- closing -->
        <test-method is-config="true" signature="starting(java.lang.String)[pri:0, instance:DetailsOfAmazon.Website.TestCase14_LastProductRating@247bddad]" started-at="2025-07-15T12:44:42 IST" name="starting" finished-at="2025-07-15T12:44:46 IST" duration-ms="3621" status="PASS">
          <params>
            <param index="0">
              <value>
                <![CDATA[chrome]]>
              </value>
            </param>
          </params>
          <reporter-output>
          </reporter-output>
        </test-method> <!-- starting -->
        <test-method retried="true" signature="Rating()[pri:0, instance:DetailsOfAmazon.Website.TestCase14_LastProductRating@247bddad]" started-at="2025-07-15T12:44:46 IST" name="Rating" finished-at="2025-07-15T12:45:01 IST" duration-ms="14590" status="SKIP">
          <exception class="org.openqa.selenium.NoSuchElementException">
            <message>
              <![CDATA[no such element: Unable to locate element: {"method":"xpath","selector":"//span[@class="a-button-text a-declarative"]"}
  (Session info: chrome=138.0.7204.101)
For documentation on this error, please visit: https://www.selenium.dev/documentation/webdriver/troubleshooting/errors#no-such-element-exception
Build info: version: '4.32.0', revision: 'd17c8aa950'
System info: os.name: 'Windows 11', os.arch: 'amd64', os.version: '10.0', java.version: '21.0.6'
Driver info: org.openqa.selenium.chrome.ChromeDriver
Command: [4306eef80cb0d34f545e53b7785e894d, findElement {using=xpath, value=//span[@class="a-button-text a-declarative"]}]
Capabilities {acceptInsecureCerts: false, browserName: chrome, browserVersion: 138.0.7204.101, chrome: {chromedriverVersion: 138.0.7204.94 (545025748884..., userDataDir: C:\Users\quali\AppData\Loca...}, fedcm:accounts: true, goog:chromeOptions: {debuggerAddress: localhost:59457}, networkConnectionEnabled: false, pageLoadStrategy: normal, platformName: windows, proxy: Proxy(), se:cdp: ws://localhost:59457/devtoo..., se:cdpVersion: 138.0.7204.101, setWindowRect: true, strictFileInteractability: false, timeouts: {implicit: 0, pageLoad: 300000, script: 30000}, unhandledPromptBehavior: dismiss and notify, webauthn:extension:credBlob: true, webauthn:extension:largeBlob: true, webauthn:extension:minPinLength: true, webauthn:extension:prf: true, webauthn:virtualAuthenticators: true}
Session ID: 4306eef80cb0d34f545e53b7785e894d]]>
            </message>
            <full-stacktrace>
              <![CDATA[org.openqa.selenium.NoSuchElementException: no such element: Unable to locate element: {"method":"xpath","selector":"//span[@class="a-button-text a-declarative"]"}
  (Session info: chrome=138.0.7204.101)
For documentation on this error, please visit: https://www.selenium.dev/documentation/webdriver/troubleshooting/errors#no-such-element-exception
Build info: version: '4.32.0', revision: 'd17c8aa950'
System info: os.name: 'Windows 11', os.arch: 'amd64', os.version: '10.0', java.version: '21.0.6'
Driver info: org.openqa.selenium.chrome.ChromeDriver
Command: [4306eef80cb0d34f545e53b7785e894d, findElement {using=xpath, value=//span[@class="a-button-text a-declarative"]}]
Capabilities {acceptInsecureCerts: false, browserName: chrome, browserVersion: 138.0.7204.101, chrome: {chromedriverVersion: 138.0.7204.94 (545025748884..., userDataDir: C:\Users\quali\AppData\Loca...}, fedcm:accounts: true, goog:chromeOptions: {debuggerAddress: localhost:59457}, networkConnectionEnabled: false, pageLoadStrategy: normal, platformName: windows, proxy: Proxy(), se:cdp: ws://localhost:59457/devtoo..., se:cdpVersion: 138.0.7204.101, setWindowRect: true, strictFileInteractability: false, timeouts: {implicit: 0, pageLoad: 300000, script: 30000}, unhandledPromptBehavior: dismiss and notify, webauthn:extension:credBlob: true, webauthn:extension:largeBlob: true, webauthn:extension:minPinLength: true, webauthn:extension:prf: true, webauthn:virtualAuthenticators: true}
Session ID: 4306eef80cb0d34f545e53b7785e894d
at java.base/jdk.internal.reflect.DirectConstructorHandleAccessor.newInstance(DirectConstructorHandleAccessor.java:62)
at java.base/java.lang.reflect.Constructor.newInstanceWithCaller(Constructor.java:502)
at java.base/java.lang.reflect.Constructor.newInstance(Constructor.java:486)
at org.openqa.selenium.remote.ErrorCodec.decode(ErrorCodec.java:167)
at org.openqa.selenium.remote.codec.w3c.W3CHttpResponseCodec.decode(W3CHttpResponseCodec.java:138)
at org.openqa.selenium.remote.codec.w3c.W3CHttpResponseCodec.decode(W3CHttpResponseCodec.java:50)
at org.openqa.selenium.remote.HttpCommandExecutor.execute(HttpCommandExecutor.java:215)
at org.openqa.selenium.remote.service.DriverCommandExecutor.invokeExecute(DriverCommandExecutor.java:216)
at org.openqa.selenium.remote.service.DriverCommandExecutor.execute(DriverCommandExecutor.java:174)
at org.openqa.selenium.remote.RemoteWebDriver.execute(RemoteWebDriver.java:545)
at org.openqa.selenium.remote.ElementLocation$ElementFinder$2.findElement(ElementLocation.java:165)
at org.openqa.selenium.remote.ElementLocation.findElement(ElementLocation.java:59)
at org.openqa.selenium.remote.RemoteWebDriver.findElement(RemoteWebDriver.java:368)
at org.openqa.selenium.remote.RemoteWebDriver.findElement(RemoteWebDriver.java:362)
at org.openqa.selenium.support.pagefactory.DefaultElementLocator.findElement(DefaultElementLocator.java:68)
at org.openqa.selenium.support.pagefactory.internal.LocatingElementHandler.invoke(LocatingElementHandler.java:38)
at jdk.proxy2/jdk.proxy2.$Proxy15.click(Unknown Source)
at DetailsOfAmazon.Website.LastProductRatingPage.Orders(LastProductRatingPage.java:33)
at DetailsOfAmazon.Website.TestCase14_LastProductRating.Rating(TestCase14_LastProductRating.java:21)
at java.base/jdk.internal.reflect.DirectMethodHandleAccessor.invoke(DirectMethodHandleAccessor.java:103)
at java.base/java.lang.reflect.Method.invoke(Method.java:580)
at org.testng.internal.invokers.MethodInvocationHelper.invokeMethod(MethodInvocationHelper.java:141)
at org.testng.internal.invokers.TestInvoker.invokeMethod(TestInvoker.java:687)
at org.testng.internal.invokers.TestInvoker.retryFailed(TestInvoker.java:269)
at org.testng.internal.invokers.MethodRunner.runInSequence(MethodRunner.java:76)
at org.testng.internal.invokers.TestInvoker$MethodInvocationAgent.invoke(TestInvoker.java:995)
at org.testng.internal.invokers.TestInvoker.invokeTestMethods(TestInvoker.java:203)
at org.testng.internal.invokers.TestMethodWorker.invokeTestMethods(TestMethodWorker.java:154)
at org.testng.internal.invokers.TestMethodWorker.run(TestMethodWorker.java:134)
at java.base/java.util.ArrayList.forEach(ArrayList.java:1596)
at org.testng.TestRunner.privateRun(TestRunner.java:741)
at org.testng.TestRunner.run(TestRunner.java:616)
at org.testng.SuiteRunner.runTest(SuiteRunner.java:421)
at org.testng.SuiteRunner.runSequentially(SuiteRunner.java:413)
at org.testng.SuiteRunner.privateRun(SuiteRunner.java:373)
at org.testng.SuiteRunner.run(SuiteRunner.java:312)
at org.testng.SuiteRunnerWorker.runSuite(SuiteRunnerWorker.java:52)
at org.testng.SuiteRunnerWorker.run(SuiteRunnerWorker.java:95)
at org.testng.TestNG.runSuitesSequentially(TestNG.java:1274)
at org.testng.TestNG.runSuitesLocally(TestNG.java:1208)
at org.testng.TestNG.runSuites(TestNG.java:1112)
at org.testng.TestNG.run(TestNG.java:1079)
at org.testng.remote.AbstractRemoteTestNG.run(AbstractRemoteTestNG.java:115)
at org.testng.remote.RemoteTestNG.initAndRun(RemoteTestNG.java:293)
at org.testng.remote.RemoteTestNG.main(RemoteTestNG.java:91)
]]>
            </full-stacktrace>
          </exception> <!-- org.openqa.selenium.NoSuchElementException -->
          <reporter-output>
          </reporter-output>
        </test-method> <!-- Rating -->
        <test-method is-config="true" signature="closing()[pri:0, instance:DetailsOfAmazon.Website.TestCase14_LastProductRating@247bddad]" started-at="2025-07-15T12:45:01 IST" name="closing" finished-at="2025-07-15T12:45:01 IST" duration-ms="134" status="PASS">
          <reporter-output>
          </reporter-output>
        </test-method> <!-- closing -->
        <test-method is-config="true" signature="starting(java.lang.String)[pri:0, instance:DetailsOfAmazon.Website.TestCase14_LastProductRating@247bddad]" started-at="2025-07-15T12:45:01 IST" name="starting" finished-at="2025-07-15T12:45:04 IST" duration-ms="3557" status="PASS">
          <params>
            <param index="0">
              <value>
                <![CDATA[chrome]]>
              </value>
            </param>
          </params>
          <reporter-output>
          </reporter-output>
        </test-method> <!-- starting -->
        <test-method signature="Rating()[pri:0, instance:DetailsOfAmazon.Website.TestCase14_LastProductRating@247bddad]" started-at="2025-07-15T12:45:04 IST" name="Rating" finished-at="2025-07-15T12:45:18 IST" duration-ms="13146" status="FAIL">
          <exception class="org.openqa.selenium.NoSuchElementException">
            <message>
              <![CDATA[no such element: Unable to locate element: {"method":"xpath","selector":"//span[@class="a-button-text a-declarative"]"}
  (Session info: chrome=138.0.7204.101)
For documentation on this error, please visit: https://www.selenium.dev/documentation/webdriver/troubleshooting/errors#no-such-element-exception
Build info: version: '4.32.0', revision: 'd17c8aa950'
System info: os.name: 'Windows 11', os.arch: 'amd64', os.version: '10.0', java.version: '21.0.6'
Driver info: org.openqa.selenium.chrome.ChromeDriver
Command: [03235799242aaee108d6080a7537ee3e, findElement {using=xpath, value=//span[@class="a-button-text a-declarative"]}]
Capabilities {acceptInsecureCerts: false, browserName: chrome, browserVersion: 138.0.7204.101, chrome: {chromedriverVersion: 138.0.7204.94 (545025748884..., userDataDir: C:\Users\quali\AppData\Loca...}, fedcm:accounts: true, goog:chromeOptions: {debuggerAddress: localhost:59531}, networkConnectionEnabled: false, pageLoadStrategy: normal, platformName: windows, proxy: Proxy(), se:cdp: ws://localhost:59531/devtoo..., se:cdpVersion: 138.0.7204.101, setWindowRect: true, strictFileInteractability: false, timeouts: {implicit: 0, pageLoad: 300000, script: 30000}, unhandledPromptBehavior: dismiss and notify, webauthn:extension:credBlob: true, webauthn:extension:largeBlob: true, webauthn:extension:minPinLength: true, webauthn:extension:prf: true, webauthn:virtualAuthenticators: true}
Session ID: 03235799242aaee108d6080a7537ee3e]]>
            </message>
            <full-stacktrace>
              <![CDATA[org.openqa.selenium.NoSuchElementException: no such element: Unable to locate element: {"method":"xpath","selector":"//span[@class="a-button-text a-declarative"]"}
  (Session info: chrome=138.0.7204.101)
For documentation on this error, please visit: https://www.selenium.dev/documentation/webdriver/troubleshooting/errors#no-such-element-exception
Build info: version: '4.32.0', revision: 'd17c8aa950'
System info: os.name: 'Windows 11', os.arch: 'amd64', os.version: '10.0', java.version: '21.0.6'
Driver info: org.openqa.selenium.chrome.ChromeDriver
Command: [03235799242aaee108d6080a7537ee3e, findElement {using=xpath, value=//span[@class="a-button-text a-declarative"]}]
Capabilities {acceptInsecureCerts: false, browserName: chrome, browserVersion: 138.0.7204.101, chrome: {chromedriverVersion: 138.0.7204.94 (545025748884..., userDataDir: C:\Users\quali\AppData\Loca...}, fedcm:accounts: true, goog:chromeOptions: {debuggerAddress: localhost:59531}, networkConnectionEnabled: false, pageLoadStrategy: normal, platformName: windows, proxy: Proxy(), se:cdp: ws://localhost:59531/devtoo..., se:cdpVersion: 138.0.7204.101, setWindowRect: true, strictFileInteractability: false, timeouts: {implicit: 0, pageLoad: 300000, script: 30000}, unhandledPromptBehavior: dismiss and notify, webauthn:extension:credBlob: true, webauthn:extension:largeBlob: true, webauthn:extension:minPinLength: true, webauthn:extension:prf: true, webauthn:virtualAuthenticators: true}
Session ID: 03235799242aaee108d6080a7537ee3e
at java.base/jdk.internal.reflect.DirectConstructorHandleAccessor.newInstance(DirectConstructorHandleAccessor.java:62)
at java.base/java.lang.reflect.Constructor.newInstanceWithCaller(Constructor.java:502)
at java.base/java.lang.reflect.Constructor.newInstance(Constructor.java:486)
at org.openqa.selenium.remote.ErrorCodec.decode(ErrorCodec.java:167)
at org.openqa.selenium.remote.codec.w3c.W3CHttpResponseCodec.decode(W3CHttpResponseCodec.java:138)
at org.openqa.selenium.remote.codec.w3c.W3CHttpResponseCodec.decode(W3CHttpResponseCodec.java:50)
at org.openqa.selenium.remote.HttpCommandExecutor.execute(HttpCommandExecutor.java:215)
at org.openqa.selenium.remote.service.DriverCommandExecutor.invokeExecute(DriverCommandExecutor.java:216)
at org.openqa.selenium.remote.service.DriverCommandExecutor.execute(DriverCommandExecutor.java:174)
at org.openqa.selenium.remote.RemoteWebDriver.execute(RemoteWebDriver.java:545)
at org.openqa.selenium.remote.ElementLocation$ElementFinder$2.findElement(ElementLocation.java:165)
at org.openqa.selenium.remote.ElementLocation.findElement(ElementLocation.java:59)
at org.openqa.selenium.remote.RemoteWebDriver.findElement(RemoteWebDriver.java:368)
at org.openqa.selenium.remote.RemoteWebDriver.findElement(RemoteWebDriver.java:362)
at org.openqa.selenium.support.pagefactory.DefaultElementLocator.findElement(DefaultElementLocator.java:68)
at org.openqa.selenium.support.pagefactory.internal.LocatingElementHandler.invoke(LocatingElementHandler.java:38)
at jdk.proxy2/jdk.proxy2.$Proxy15.click(Unknown Source)
at DetailsOfAmazon.Website.LastProductRatingPage.Orders(LastProductRatingPage.java:33)
at DetailsOfAmazon.Website.TestCase14_LastProductRating.Rating(TestCase14_LastProductRating.java:21)
at java.base/jdk.internal.reflect.DirectMethodHandleAccessor.invoke(DirectMethodHandleAccessor.java:103)
at java.base/java.lang.reflect.Method.invoke(Method.java:580)
at org.testng.internal.invokers.MethodInvocationHelper.invokeMethod(MethodInvocationHelper.java:141)
at org.testng.internal.invokers.TestInvoker.invokeMethod(TestInvoker.java:687)
at org.testng.internal.invokers.TestInvoker.retryFailed(TestInvoker.java:269)
at org.testng.internal.invokers.MethodRunner.runInSequence(MethodRunner.java:76)
at org.testng.internal.invokers.TestInvoker$MethodInvocationAgent.invoke(TestInvoker.java:995)
at org.testng.internal.invokers.TestInvoker.invokeTestMethods(TestInvoker.java:203)
at org.testng.internal.invokers.TestMethodWorker.invokeTestMethods(TestMethodWorker.java:154)
at org.testng.internal.invokers.TestMethodWorker.run(TestMethodWorker.java:134)
at java.base/java.util.ArrayList.forEach(ArrayList.java:1596)
at org.testng.TestRunner.privateRun(TestRunner.java:741)
at org.testng.TestRunner.run(TestRunner.java:616)
at org.testng.SuiteRunner.runTest(SuiteRunner.java:421)
at org.testng.SuiteRunner.runSequentially(SuiteRunner.java:413)
at org.testng.SuiteRunner.privateRun(SuiteRunner.java:373)
at org.testng.SuiteRunner.run(SuiteRunner.java:312)
at org.testng.SuiteRunnerWorker.runSuite(SuiteRunnerWorker.java:52)
at org.testng.SuiteRunnerWorker.run(SuiteRunnerWorker.java:95)
at org.testng.TestNG.runSuitesSequentially(TestNG.java:1274)
at org.testng.TestNG.runSuitesLocally(TestNG.java:1208)
at org.testng.TestNG.runSuites(TestNG.java:1112)
at org.testng.TestNG.run(TestNG.java:1079)
at org.testng.remote.AbstractRemoteTestNG.run(AbstractRemoteTestNG.java:115)
at org.testng.remote.RemoteTestNG.initAndRun(RemoteTestNG.java:293)
at org.testng.remote.RemoteTestNG.main(RemoteTestNG.java:91)
]]>
            </full-stacktrace>
          </exception> <!-- org.openqa.selenium.NoSuchElementException -->
          <reporter-output>
            <line>
              <![CDATA[Testcase is failed]]>
            </line>
          </reporter-output>
        </test-method> <!-- Rating -->
        <test-method is-config="true" signature="closing()[pri:0, instance:DetailsOfAmazon.Website.TestCase14_LastProductRating@247bddad]" started-at="2025-07-15T12:45:18 IST" name="closing" finished-at="2025-07-15T12:45:18 IST" duration-ms="147" status="PASS">
          <reporter-output>
          </reporter-output>
        </test-method> <!-- closing -->
      </class> <!-- DetailsOfAmazon.Website.TestCase14_LastProductRating -->
      <class name="DetailsOfAmazon.Website.TestCase8_SoartingProducts">
        <test-method is-config="true" signature="starting(java.lang.String)[pri:0, instance:DetailsOfAmazon.Website.TestCase8_SoartingProducts@7d20d0b]" started-at="2025-07-15T12:46:12 IST" name="starting" finished-at="2025-07-15T12:46:16 IST" duration-ms="3224" status="PASS">
          <params>
            <param index="0">
              <value>
                <![CDATA[chrome]]>
              </value>
            </param>
          </params>
          <reporter-output>
          </reporter-output>
        </test-method> <!-- starting -->
        <test-method signature="Sortingwithfilters()[pri:0, instance:DetailsOfAmazon.Website.TestCase8_SoartingProducts@7d20d0b]" started-at="2025-07-15T12:46:16 IST" name="Sortingwithfilters" finished-at="2025-07-15T12:46:19 IST" duration-ms="3145" status="PASS">
          <reporter-output>
            <line>
              <![CDATA[Testcase is passed]]>
            </line>
          </reporter-output>
        </test-method> <!-- Sortingwithfilters -->
        <test-method is-config="true" signature="closing()[pri:0, instance:DetailsOfAmazon.Website.TestCase8_SoartingProducts@7d20d0b]" started-at="2025-07-15T12:46:19 IST" name="closing" finished-at="2025-07-15T12:46:19 IST" duration-ms="267" status="PASS">
          <reporter-output>
          </reporter-output>
        </test-method> <!-- closing -->
      </class> <!-- DetailsOfAmazon.Website.TestCase8_SoartingProducts -->
      <class name="DetailsOfAmazon.Website.TestCase6_SearchingWithFilters">
        <test-method is-config="true" signature="starting(java.lang.String)[pri:0, instance:DetailsOfAmazon.Website.TestCase6_SearchingWithFilters@5e5d171f]" started-at="2025-07-15T12:45:53 IST" name="starting" finished-at="2025-07-15T12:45:56 IST" duration-ms="3560" status="PASS">
          <params>
            <param index="0">
              <value>
                <![CDATA[chrome]]>
              </value>
            </param>
          </params>
          <reporter-output>
          </reporter-output>
        </test-method> <!-- starting -->
        <test-method signature="Filters()[pri:0, instance:DetailsOfAmazon.Website.TestCase6_SearchingWithFilters@5e5d171f]" started-at="2025-07-15T12:45:56 IST" name="Filters" finished-at="2025-07-15T12:46:03 IST" duration-ms="6876" status="PASS">
          <reporter-output>
            <line>
              <![CDATA[Testcase is passed]]>
            </line>
          </reporter-output>
        </test-method> <!-- Filters -->
        <test-method is-config="true" signature="closing()[pri:0, instance:DetailsOfAmazon.Website.TestCase6_SearchingWithFilters@5e5d171f]" started-at="2025-07-15T12:46:03 IST" name="closing" finished-at="2025-07-15T12:46:03 IST" duration-ms="145" status="PASS">
          <reporter-output>
          </reporter-output>
        </test-method> <!-- closing -->
      </class> <!-- DetailsOfAmazon.Website.TestCase6_SearchingWithFilters -->
      <class name="DetailsOfAmazon.Website.Testcase2_ValidCredentials">
        <test-method is-config="true" signature="starting(java.lang.String)[pri:0, instance:DetailsOfAmazon.Website.Testcase2_ValidCredentials@24313fcc]" started-at="2025-07-15T12:46:03 IST" name="starting" finished-at="2025-07-15T12:46:06 IST" duration-ms="3150" status="PASS">
          <params>
            <param index="0">
              <value>
                <![CDATA[chrome]]>
              </value>
            </param>
          </params>
          <reporter-output>
          </reporter-output>
        </test-method> <!-- starting -->
        <test-method signature="ValidCredentials()[pri:0, instance:DetailsOfAmazon.Website.Testcase2_ValidCredentials@24313fcc]" started-at="2025-07-15T12:46:06 IST" name="ValidCredentials" finished-at="2025-07-15T12:46:12 IST" duration-ms="5697" status="PASS">
          <reporter-output>
            <line>
              <![CDATA[Testcase is passed]]>
            </line>
          </reporter-output>
        </test-method> <!-- ValidCredentials -->
        <test-method is-config="true" signature="closing()[pri:0, instance:DetailsOfAmazon.Website.Testcase2_ValidCredentials@24313fcc]" started-at="2025-07-15T12:46:12 IST" name="closing" finished-at="2025-07-15T12:46:12 IST" duration-ms="123" status="PASS">
          <reporter-output>
          </reporter-output>
        </test-method> <!-- closing -->
      </class> <!-- DetailsOfAmazon.Website.Testcase2_ValidCredentials -->
      <class name="DetailsOfAmazon.Website.TestCase11_CheckoutProcess">
        <test-method is-config="true" signature="starting(java.lang.String)[pri:0, instance:DetailsOfAmazon.Website.TestCase11_CheckoutProcess@77f1baf5]" started-at="2025-07-15T12:46:19 IST" name="starting" finished-at="2025-07-15T12:46:22 IST" duration-ms="2581" status="PASS">
          <params>
            <param index="0">
              <value>
                <![CDATA[chrome]]>
              </value>
            </param>
          </params>
          <reporter-output>
          </reporter-output>
        </test-method> <!-- starting -->
        <test-method retried="true" signature="CheckoutProcess()[pri:0, instance:DetailsOfAmazon.Website.TestCase11_CheckoutProcess@77f1baf5]" started-at="2025-07-15T12:46:22 IST" name="CheckoutProcess" finished-at="2025-07-15T12:47:00 IST" duration-ms="38588" status="SKIP">
          <exception class="java.lang.NullPointerException">
            <message>
              <![CDATA[Cannot invoke "org.openqa.selenium.WebDriver.getClass()" because "exceptionDriver" is null]]>
            </message>
            <full-stacktrace>
              <![CDATA[java.lang.NullPointerException: Cannot invoke "org.openqa.selenium.WebDriver.getClass()" because "exceptionDriver" is null
at org.openqa.selenium.support.ui.WebDriverWait.timeoutException(WebDriverWait.java:85)
at org.openqa.selenium.support.ui.FluentWait.until(FluentWait.java:228)
at DetailsOfAmazon.Website.CheckOutProcessPage.Address(CheckOutProcessPage.java:84)
at DetailsOfAmazon.Website.TestCase11_CheckoutProcess.CheckoutProcess(TestCase11_CheckoutProcess.java:29)
at java.base/jdk.internal.reflect.DirectMethodHandleAccessor.invoke(DirectMethodHandleAccessor.java:103)
at java.base/java.lang.reflect.Method.invoke(Method.java:580)
at org.testng.internal.invokers.MethodInvocationHelper.invokeMethod(MethodInvocationHelper.java:141)
at org.testng.internal.invokers.TestInvoker.invokeMethod(TestInvoker.java:687)
at org.testng.internal.invokers.TestInvoker.invokeTestMethod(TestInvoker.java:230)
at org.testng.internal.invokers.MethodRunner.runInSequence(MethodRunner.java:63)
at org.testng.internal.invokers.TestInvoker$MethodInvocationAgent.invoke(TestInvoker.java:995)
at org.testng.internal.invokers.TestInvoker.invokeTestMethods(TestInvoker.java:203)
at org.testng.internal.invokers.TestMethodWorker.invokeTestMethods(TestMethodWorker.java:154)
at org.testng.internal.invokers.TestMethodWorker.run(TestMethodWorker.java:134)
at java.base/java.util.ArrayList.forEach(ArrayList.java:1596)
at org.testng.TestRunner.privateRun(TestRunner.java:741)
at org.testng.TestRunner.run(TestRunner.java:616)
at org.testng.SuiteRunner.runTest(SuiteRunner.java:421)
at org.testng.SuiteRunner.runSequentially(SuiteRunner.java:413)
at org.testng.SuiteRunner.privateRun(SuiteRunner.java:373)
at org.testng.SuiteRunner.run(SuiteRunner.java:312)
at org.testng.SuiteRunnerWorker.runSuite(SuiteRunnerWorker.java:52)
at org.testng.SuiteRunnerWorker.run(SuiteRunnerWorker.java:95)
at org.testng.TestNG.runSuitesSequentially(TestNG.java:1274)
at org.testng.TestNG.runSuitesLocally(TestNG.java:1208)
at org.testng.TestNG.runSuites(TestNG.java:1112)
at org.testng.TestNG.run(TestNG.java:1079)
at org.testng.remote.AbstractRemoteTestNG.run(AbstractRemoteTestNG.java:115)
at org.testng.remote.RemoteTestNG.initAndRun(RemoteTestNG.java:293)
at org.testng.remote.RemoteTestNG.main(RemoteTestNG.java:91)
]]>
            </full-stacktrace>
          </exception> <!-- java.lang.NullPointerException -->
          <reporter-output>
          </reporter-output>
        </test-method> <!-- CheckoutProcess -->
        <test-method is-config="true" signature="closing()[pri:0, instance:DetailsOfAmazon.Website.TestCase11_CheckoutProcess@77f1baf5]" started-at="2025-07-15T12:47:00 IST" name="closing" finished-at="2025-07-15T12:47:00 IST" duration-ms="131" status="PASS">
          <reporter-output>
          </reporter-output>
        </test-method> <!-- closing -->
        <test-method is-config="true" signature="starting(java.lang.String)[pri:0, instance:DetailsOfAmazon.Website.TestCase11_CheckoutProcess@77f1baf5]" started-at="2025-07-15T12:47:00 IST" name="starting" finished-at="2025-07-15T12:47:03 IST" duration-ms="2755" status="PASS">
          <params>
            <param index="0">
              <value>
                <![CDATA[chrome]]>
              </value>
            </param>
          </params>
          <reporter-output>
          </reporter-output>
        </test-method> <!-- starting -->
        <test-method retried="true" signature="CheckoutProcess()[pri:0, instance:DetailsOfAmazon.Website.TestCase11_CheckoutProcess@77f1baf5]" started-at="2025-07-15T12:47:03 IST" name="CheckoutProcess" finished-at="2025-07-15T12:47:37 IST" duration-ms="33949" status="SKIP">
          <exception class="java.lang.NullPointerException">
            <message>
              <![CDATA[Cannot invoke "org.openqa.selenium.WebDriver.getClass()" because "exceptionDriver" is null]]>
            </message>
            <full-stacktrace>
              <![CDATA[java.lang.NullPointerException: Cannot invoke "org.openqa.selenium.WebDriver.getClass()" because "exceptionDriver" is null
at org.openqa.selenium.support.ui.WebDriverWait.timeoutException(WebDriverWait.java:85)
at org.openqa.selenium.support.ui.FluentWait.until(FluentWait.java:228)
at DetailsOfAmazon.Website.CheckOutProcessPage.Changeadd(CheckOutProcessPage.java:78)
at DetailsOfAmazon.Website.TestCase11_CheckoutProcess.CheckoutProcess(TestCase11_CheckoutProcess.java:28)
at java.base/jdk.internal.reflect.DirectMethodHandleAccessor.invoke(DirectMethodHandleAccessor.java:103)
at java.base/java.lang.reflect.Method.invoke(Method.java:580)
at org.testng.internal.invokers.MethodInvocationHelper.invokeMethod(MethodInvocationHelper.java:141)
at org.testng.internal.invokers.TestInvoker.invokeMethod(TestInvoker.java:687)
at org.testng.internal.invokers.TestInvoker.retryFailed(TestInvoker.java:269)
at org.testng.internal.invokers.MethodRunner.runInSequence(MethodRunner.java:76)
at org.testng.internal.invokers.TestInvoker$MethodInvocationAgent.invoke(TestInvoker.java:995)
at org.testng.internal.invokers.TestInvoker.invokeTestMethods(TestInvoker.java:203)
at org.testng.internal.invokers.TestMethodWorker.invokeTestMethods(TestMethodWorker.java:154)
at org.testng.internal.invokers.TestMethodWorker.run(TestMethodWorker.java:134)
at java.base/java.util.ArrayList.forEach(ArrayList.java:1596)
at org.testng.TestRunner.privateRun(TestRunner.java:741)
at org.testng.TestRunner.run(TestRunner.java:616)
at org.testng.SuiteRunner.runTest(SuiteRunner.java:421)
at org.testng.SuiteRunner.runSequentially(SuiteRunner.java:413)
at org.testng.SuiteRunner.privateRun(SuiteRunner.java:373)
at org.testng.SuiteRunner.run(SuiteRunner.java:312)
at org.testng.SuiteRunnerWorker.runSuite(SuiteRunnerWorker.java:52)
at org.testng.SuiteRunnerWorker.run(SuiteRunnerWorker.java:95)
at org.testng.TestNG.runSuitesSequentially(TestNG.java:1274)
at org.testng.TestNG.runSuitesLocally(TestNG.java:1208)
at org.testng.TestNG.runSuites(TestNG.java:1112)
at org.testng.TestNG.run(TestNG.java:1079)
at org.testng.remote.AbstractRemoteTestNG.run(AbstractRemoteTestNG.java:115)
at org.testng.remote.RemoteTestNG.initAndRun(RemoteTestNG.java:293)
at org.testng.remote.RemoteTestNG.main(RemoteTestNG.java:91)
]]>
            </full-stacktrace>
          </exception> <!-- java.lang.NullPointerException -->
          <reporter-output>
          </reporter-output>
        </test-method> <!-- CheckoutProcess -->
        <test-method is-config="true" signature="closing()[pri:0, instance:DetailsOfAmazon.Website.TestCase11_CheckoutProcess@77f1baf5]" started-at="2025-07-15T12:47:37 IST" name="closing" finished-at="2025-07-15T12:47:37 IST" duration-ms="111" status="PASS">
          <reporter-output>
          </reporter-output>
        </test-method> <!-- closing -->
        <test-method is-config="true" signature="starting(java.lang.String)[pri:0, instance:DetailsOfAmazon.Website.TestCase11_CheckoutProcess@77f1baf5]" started-at="2025-07-15T12:47:37 IST" name="starting" finished-at="2025-07-15T12:47:40 IST" duration-ms="2497" status="PASS">
          <params>
            <param index="0">
              <value>
                <![CDATA[chrome]]>
              </value>
            </param>
          </params>
          <reporter-output>
          </reporter-output>
        </test-method> <!-- starting -->
        <test-method signature="CheckoutProcess()[pri:0, instance:DetailsOfAmazon.Website.TestCase11_CheckoutProcess@77f1baf5]" started-at="2025-07-15T12:47:40 IST" name="CheckoutProcess" finished-at="2025-07-15T12:48:04 IST" duration-ms="24474" status="PASS">
          <reporter-output>
            <line>
              <![CDATA[Testcase is passed]]>
            </line>
          </reporter-output>
        </test-method> <!-- CheckoutProcess -->
        <test-method is-config="true" signature="closing()[pri:0, instance:DetailsOfAmazon.Website.TestCase11_CheckoutProcess@77f1baf5]" started-at="2025-07-15T12:48:04 IST" name="closing" finished-at="2025-07-15T12:48:04 IST" duration-ms="150" status="PASS">
          <reporter-output>
          </reporter-output>
        </test-method> <!-- closing -->
      </class> <!-- DetailsOfAmazon.Website.TestCase11_CheckoutProcess -->
      <class name="DetailsOfAmazon.Website.TestCase3_InvalidCredentials">
        <test-method is-config="true" signature="starting(java.lang.String)[pri:0, instance:DetailsOfAmazon.Website.TestCase3_InvalidCredentials@7770f470]" started-at="2025-07-15T12:45:44 IST" name="starting" finished-at="2025-07-15T12:45:47 IST" duration-ms="3451" status="PASS">
          <params>
            <param index="0">
              <value>
                <![CDATA[chrome]]>
              </value>
            </param>
          </params>
          <reporter-output>
          </reporter-output>
        </test-method> <!-- starting -->
        <test-method signature="InValidCredentials()[pri:0, instance:DetailsOfAmazon.Website.TestCase3_InvalidCredentials@7770f470]" started-at="2025-07-15T12:45:47 IST" name="InValidCredentials" finished-at="2025-07-15T12:45:52 IST" duration-ms="5181" status="PASS">
          <reporter-output>
            <line>
              <![CDATA[Testcase is passed]]>
            </line>
          </reporter-output>
        </test-method> <!-- InValidCredentials -->
        <test-method is-config="true" signature="closing()[pri:0, instance:DetailsOfAmazon.Website.TestCase3_InvalidCredentials@7770f470]" started-at="2025-07-15T12:45:52 IST" name="closing" finished-at="2025-07-15T12:45:53 IST" duration-ms="156" status="PASS">
          <reporter-output>
          </reporter-output>
        </test-method> <!-- closing -->
      </class> <!-- DetailsOfAmazon.Website.TestCase3_InvalidCredentials -->
      <class name="DetailsOfAmazon.Website.TestCase9_AddingToCart">
        <test-method is-config="true" signature="starting(java.lang.String)[pri:0, instance:DetailsOfAmazon.Website.TestCase9_AddingToCart@5aa9e4eb]" started-at="2025-07-15T12:39:25 IST" name="starting" finished-at="2025-07-15T12:39:29 IST" duration-ms="3978" status="PASS">
          <params>
            <param index="0">
              <value>
                <![CDATA[chrome]]>
              </value>
            </param>
          </params>
          <reporter-output>
          </reporter-output>
        </test-method> <!-- starting -->
        <test-method signature="AddingToCart()[pri:0, instance:DetailsOfAmazon.Website.TestCase9_AddingToCart@5aa9e4eb]" started-at="2025-07-15T12:39:29 IST" name="AddingToCart" finished-at="2025-07-15T12:39:37 IST" duration-ms="8177" status="PASS">
          <reporter-output>
            <line>
              <![CDATA[Testcase is passed]]>
            </line>
          </reporter-output>
        </test-method> <!-- AddingToCart -->
        <test-method is-config="true" signature="closing()[pri:0, instance:DetailsOfAmazon.Website.TestCase9_AddingToCart@5aa9e4eb]" started-at="2025-07-15T12:39:37 IST" name="closing" finished-at="2025-07-15T12:39:37 IST" duration-ms="122" status="PASS">
          <reporter-output>
          </reporter-output>
        </test-method> <!-- closing -->
      </class> <!-- DetailsOfAmazon.Website.TestCase9_AddingToCart -->
      <class name="DetailsOfAmazon.Website.Testcase15_ReachTillCartPage">
        <test-method is-config="true" signature="starting(java.lang.String)[pri:0, instance:DetailsOfAmazon.Website.Testcase15_ReachTillCartPage@2362f559]" started-at="2025-07-15T12:40:43 IST" name="starting" finished-at="2025-07-15T12:40:48 IST" duration-ms="4196" status="PASS">
          <params>
            <param index="0">
              <value>
                <![CDATA[chrome]]>
              </value>
            </param>
          </params>
          <reporter-output>
          </reporter-output>
        </test-method> <!-- starting -->
        <test-method signature="CartPage()[pri:0, instance:DetailsOfAmazon.Website.Testcase15_ReachTillCartPage@2362f559]" started-at="2025-07-15T12:40:48 IST" name="CartPage" finished-at="2025-07-15T12:41:00 IST" duration-ms="11905" status="PASS">
          <reporter-output>
            <line>
              <![CDATA[Testcase is passed]]>
            </line>
          </reporter-output>
        </test-method> <!-- CartPage -->
        <test-method is-config="true" signature="closing()[pri:0, instance:DetailsOfAmazon.Website.Testcase15_ReachTillCartPage@2362f559]" started-at="2025-07-15T12:41:00 IST" name="closing" finished-at="2025-07-15T12:41:00 IST" duration-ms="152" status="PASS">
          <reporter-output>
          </reporter-output>
        </test-method> <!-- closing -->
      </class> <!-- DetailsOfAmazon.Website.Testcase15_ReachTillCartPage -->
      <class name="DetailsOfAmazon.Website.TestCase13_ApplyCouponCode">
        <test-method is-config="true" signature="starting(java.lang.String)[pri:0, instance:DetailsOfAmazon.Website.TestCase13_ApplyCouponCode@8297b3a]" started-at="2025-07-15T12:39:37 IST" name="starting" finished-at="2025-07-15T12:39:41 IST" duration-ms="3380" status="PASS">
          <params>
            <param index="0">
              <value>
                <![CDATA[chrome]]>
              </value>
            </param>
          </params>
          <reporter-output>
          </reporter-output>
        </test-method> <!-- starting -->
        <test-method retried="true" signature="CouponCode()[pri:0, instance:DetailsOfAmazon.Website.TestCase13_ApplyCouponCode@8297b3a]" started-at="2025-07-15T12:39:41 IST" name="CouponCode" finished-at="2025-07-15T12:40:15 IST" duration-ms="34886" status="SKIP">
          <exception class="java.lang.NullPointerException">
            <message>
              <![CDATA[Cannot invoke "org.openqa.selenium.WebDriver.getClass()" because "exceptionDriver" is null]]>
            </message>
            <full-stacktrace>
              <![CDATA[java.lang.NullPointerException: Cannot invoke "org.openqa.selenium.WebDriver.getClass()" because "exceptionDriver" is null
at org.openqa.selenium.support.ui.WebDriverWait.timeoutException(WebDriverWait.java:85)
at org.openqa.selenium.support.ui.FluentWait.until(FluentWait.java:228)
at DetailsOfAmazon.Website.CheckOutProcessPage.Changeadd(CheckOutProcessPage.java:78)
at DetailsOfAmazon.Website.TestCase13_ApplyCouponCode.CouponCode(TestCase13_ApplyCouponCode.java:26)
at java.base/jdk.internal.reflect.DirectMethodHandleAccessor.invoke(DirectMethodHandleAccessor.java:103)
at java.base/java.lang.reflect.Method.invoke(Method.java:580)
at org.testng.internal.invokers.MethodInvocationHelper.invokeMethod(MethodInvocationHelper.java:141)
at org.testng.internal.invokers.TestInvoker.invokeMethod(TestInvoker.java:687)
at org.testng.internal.invokers.TestInvoker.invokeTestMethod(TestInvoker.java:230)
at org.testng.internal.invokers.MethodRunner.runInSequence(MethodRunner.java:63)
at org.testng.internal.invokers.TestInvoker$MethodInvocationAgent.invoke(TestInvoker.java:995)
at org.testng.internal.invokers.TestInvoker.invokeTestMethods(TestInvoker.java:203)
at org.testng.internal.invokers.TestMethodWorker.invokeTestMethods(TestMethodWorker.java:154)
at org.testng.internal.invokers.TestMethodWorker.run(TestMethodWorker.java:134)
at java.base/java.util.ArrayList.forEach(ArrayList.java:1596)
at org.testng.TestRunner.privateRun(TestRunner.java:741)
at org.testng.TestRunner.run(TestRunner.java:616)
at org.testng.SuiteRunner.runTest(SuiteRunner.java:421)
at org.testng.SuiteRunner.runSequentially(SuiteRunner.java:413)
at org.testng.SuiteRunner.privateRun(SuiteRunner.java:373)
at org.testng.SuiteRunner.run(SuiteRunner.java:312)
at org.testng.SuiteRunnerWorker.runSuite(SuiteRunnerWorker.java:52)
at org.testng.SuiteRunnerWorker.run(SuiteRunnerWorker.java:95)
at org.testng.TestNG.runSuitesSequentially(TestNG.java:1274)
at org.testng.TestNG.runSuitesLocally(TestNG.java:1208)
at org.testng.TestNG.runSuites(TestNG.java:1112)
at org.testng.TestNG.run(TestNG.java:1079)
at org.testng.remote.AbstractRemoteTestNG.run(AbstractRemoteTestNG.java:115)
at org.testng.remote.RemoteTestNG.initAndRun(RemoteTestNG.java:293)
at org.testng.remote.RemoteTestNG.main(RemoteTestNG.java:91)
]]>
            </full-stacktrace>
          </exception> <!-- java.lang.NullPointerException -->
          <reporter-output>
          </reporter-output>
        </test-method> <!-- CouponCode -->
        <test-method is-config="true" signature="closing()[pri:0, instance:DetailsOfAmazon.Website.TestCase13_ApplyCouponCode@8297b3a]" started-at="2025-07-15T12:40:16 IST" name="closing" finished-at="2025-07-15T12:40:16 IST" duration-ms="143" status="PASS">
          <reporter-output>
          </reporter-output>
        </test-method> <!-- closing -->
        <test-method is-config="true" signature="starting(java.lang.String)[pri:0, instance:DetailsOfAmazon.Website.TestCase13_ApplyCouponCode@8297b3a]" started-at="2025-07-15T12:40:16 IST" name="starting" finished-at="2025-07-15T12:40:18 IST" duration-ms="2743" status="PASS">
          <params>
            <param index="0">
              <value>
                <![CDATA[chrome]]>
              </value>
            </param>
          </params>
          <reporter-output>
          </reporter-output>
        </test-method> <!-- starting -->
        <test-method signature="CouponCode()[pri:0, instance:DetailsOfAmazon.Website.TestCase13_ApplyCouponCode@8297b3a]" started-at="2025-07-15T12:40:18 IST" name="CouponCode" finished-at="2025-07-15T12:40:43 IST" duration-ms="24852" status="PASS">
          <reporter-output>
            <line>
              <![CDATA[Testcase is passed]]>
            </line>
          </reporter-output>
        </test-method> <!-- CouponCode -->
        <test-method is-config="true" signature="closing()[pri:0, instance:DetailsOfAmazon.Website.TestCase13_ApplyCouponCode@8297b3a]" started-at="2025-07-15T12:40:43 IST" name="closing" finished-at="2025-07-15T12:40:43 IST" duration-ms="129" status="PASS">
          <reporter-output>
          </reporter-output>
        </test-method> <!-- closing -->
      </class> <!-- DetailsOfAmazon.Website.TestCase13_ApplyCouponCode -->
      <class name="DetailsOfAmazon.Website.TestCase10_UpdatingandRemovingfromCart">
        <test-method is-config="true" signature="starting(java.lang.String)[pri:0, instance:DetailsOfAmazon.Website.TestCase10_UpdatingandRemovingfromCart@b2c9a9c]" started-at="2025-07-15T12:41:00 IST" name="starting" finished-at="2025-07-15T12:41:04 IST" duration-ms="4327" status="PASS">
          <params>
            <param index="0">
              <value>
                <![CDATA[chrome]]>
              </value>
            </param>
          </params>
          <reporter-output>
          </reporter-output>
        </test-method> <!-- starting -->
        <test-method retried="true" signature="UpdatingCart()[pri:0, instance:DetailsOfAmazon.Website.TestCase10_UpdatingandRemovingfromCart@b2c9a9c]" started-at="2025-07-15T12:41:04 IST" name="UpdatingCart" finished-at="2025-07-15T12:41:36 IST" duration-ms="31346" status="SKIP">
          <exception class="java.lang.NullPointerException">
            <message>
              <![CDATA[Cannot invoke "org.openqa.selenium.WebDriver.getClass()" because "exceptionDriver" is null]]>
            </message>
            <full-stacktrace>
              <![CDATA[java.lang.NullPointerException: Cannot invoke "org.openqa.selenium.WebDriver.getClass()" because "exceptionDriver" is null
at org.openqa.selenium.support.ui.WebDriverWait.timeoutException(WebDriverWait.java:85)
at org.openqa.selenium.support.ui.FluentWait.until(FluentWait.java:228)
at DetailsOfAmazon.Website.CartPage.AddtoCart1(CartPage.java:34)
at DetailsOfAmazon.Website.TestCase10_UpdatingandRemovingfromCart.UpdatingCart(TestCase10_UpdatingandRemovingfromCart.java:24)
at java.base/jdk.internal.reflect.DirectMethodHandleAccessor.invoke(DirectMethodHandleAccessor.java:103)
at java.base/java.lang.reflect.Method.invoke(Method.java:580)
at org.testng.internal.invokers.MethodInvocationHelper.invokeMethod(MethodInvocationHelper.java:141)
at org.testng.internal.invokers.TestInvoker.invokeMethod(TestInvoker.java:687)
at org.testng.internal.invokers.TestInvoker.invokeTestMethod(TestInvoker.java:230)
at org.testng.internal.invokers.MethodRunner.runInSequence(MethodRunner.java:63)
at org.testng.internal.invokers.TestInvoker$MethodInvocationAgent.invoke(TestInvoker.java:995)
at org.testng.internal.invokers.TestInvoker.invokeTestMethods(TestInvoker.java:203)
at org.testng.internal.invokers.TestMethodWorker.invokeTestMethods(TestMethodWorker.java:154)
at org.testng.internal.invokers.TestMethodWorker.run(TestMethodWorker.java:134)
at java.base/java.util.ArrayList.forEach(ArrayList.java:1596)
at org.testng.TestRunner.privateRun(TestRunner.java:741)
at org.testng.TestRunner.run(TestRunner.java:616)
at org.testng.SuiteRunner.runTest(SuiteRunner.java:421)
at org.testng.SuiteRunner.runSequentially(SuiteRunner.java:413)
at org.testng.SuiteRunner.privateRun(SuiteRunner.java:373)
at org.testng.SuiteRunner.run(SuiteRunner.java:312)
at org.testng.SuiteRunnerWorker.runSuite(SuiteRunnerWorker.java:52)
at org.testng.SuiteRunnerWorker.run(SuiteRunnerWorker.java:95)
at org.testng.TestNG.runSuitesSequentially(TestNG.java:1274)
at org.testng.TestNG.runSuitesLocally(TestNG.java:1208)
at org.testng.TestNG.runSuites(TestNG.java:1112)
at org.testng.TestNG.run(TestNG.java:1079)
at org.testng.remote.AbstractRemoteTestNG.run(AbstractRemoteTestNG.java:115)
at org.testng.remote.RemoteTestNG.initAndRun(RemoteTestNG.java:293)
at org.testng.remote.RemoteTestNG.main(RemoteTestNG.java:91)
]]>
            </full-stacktrace>
          </exception> <!-- java.lang.NullPointerException -->
          <reporter-output>
          </reporter-output>
        </test-method> <!-- UpdatingCart -->
        <test-method is-config="true" signature="closing()[pri:0, instance:DetailsOfAmazon.Website.TestCase10_UpdatingandRemovingfromCart@b2c9a9c]" started-at="2025-07-15T12:41:36 IST" name="closing" finished-at="2025-07-15T12:41:36 IST" duration-ms="145" status="PASS">
          <reporter-output>
          </reporter-output>
        </test-method> <!-- closing -->
        <test-method is-config="true" signature="starting(java.lang.String)[pri:0, instance:DetailsOfAmazon.Website.TestCase10_UpdatingandRemovingfromCart@b2c9a9c]" started-at="2025-07-15T12:41:36 IST" name="starting" finished-at="2025-07-15T12:41:38 IST" duration-ms="2549" status="PASS">
          <params>
            <param index="0">
              <value>
                <![CDATA[chrome]]>
              </value>
            </param>
          </params>
          <reporter-output>
          </reporter-output>
        </test-method> <!-- starting -->
        <test-method retried="true" signature="UpdatingCart()[pri:0, instance:DetailsOfAmazon.Website.TestCase10_UpdatingandRemovingfromCart@b2c9a9c]" started-at="2025-07-15T12:41:38 IST" name="UpdatingCart" finished-at="2025-07-15T12:42:11 IST" duration-ms="32503" status="SKIP">
          <exception class="java.lang.NullPointerException">
            <message>
              <![CDATA[Cannot invoke "org.openqa.selenium.WebDriver.getClass()" because "exceptionDriver" is null]]>
            </message>
            <full-stacktrace>
              <![CDATA[java.lang.NullPointerException: Cannot invoke "org.openqa.selenium.WebDriver.getClass()" because "exceptionDriver" is null
at org.openqa.selenium.support.ui.WebDriverWait.timeoutException(WebDriverWait.java:85)
at org.openqa.selenium.support.ui.FluentWait.until(FluentWait.java:228)
at DetailsOfAmazon.Website.CartPage.AddtoCart1(CartPage.java:34)
at DetailsOfAmazon.Website.TestCase10_UpdatingandRemovingfromCart.UpdatingCart(TestCase10_UpdatingandRemovingfromCart.java:24)
at java.base/jdk.internal.reflect.DirectMethodHandleAccessor.invoke(DirectMethodHandleAccessor.java:103)
at java.base/java.lang.reflect.Method.invoke(Method.java:580)
at org.testng.internal.invokers.MethodInvocationHelper.invokeMethod(MethodInvocationHelper.java:141)
at org.testng.internal.invokers.TestInvoker.invokeMethod(TestInvoker.java:687)
at org.testng.internal.invokers.TestInvoker.retryFailed(TestInvoker.java:269)
at org.testng.internal.invokers.MethodRunner.runInSequence(MethodRunner.java:76)
at org.testng.internal.invokers.TestInvoker$MethodInvocationAgent.invoke(TestInvoker.java:995)
at org.testng.internal.invokers.TestInvoker.invokeTestMethods(TestInvoker.java:203)
at org.testng.internal.invokers.TestMethodWorker.invokeTestMethods(TestMethodWorker.java:154)
at org.testng.internal.invokers.TestMethodWorker.run(TestMethodWorker.java:134)
at java.base/java.util.ArrayList.forEach(ArrayList.java:1596)
at org.testng.TestRunner.privateRun(TestRunner.java:741)
at org.testng.TestRunner.run(TestRunner.java:616)
at org.testng.SuiteRunner.runTest(SuiteRunner.java:421)
at org.testng.SuiteRunner.runSequentially(SuiteRunner.java:413)
at org.testng.SuiteRunner.privateRun(SuiteRunner.java:373)
at org.testng.SuiteRunner.run(SuiteRunner.java:312)
at org.testng.SuiteRunnerWorker.runSuite(SuiteRunnerWorker.java:52)
at org.testng.SuiteRunnerWorker.run(SuiteRunnerWorker.java:95)
at org.testng.TestNG.runSuitesSequentially(TestNG.java:1274)
at org.testng.TestNG.runSuitesLocally(TestNG.java:1208)
at org.testng.TestNG.runSuites(TestNG.java:1112)
at org.testng.TestNG.run(TestNG.java:1079)
at org.testng.remote.AbstractRemoteTestNG.run(AbstractRemoteTestNG.java:115)
at org.testng.remote.RemoteTestNG.initAndRun(RemoteTestNG.java:293)
at org.testng.remote.RemoteTestNG.main(RemoteTestNG.java:91)
]]>
            </full-stacktrace>
          </exception> <!-- java.lang.NullPointerException -->
          <reporter-output>
          </reporter-output>
        </test-method> <!-- UpdatingCart -->
        <test-method is-config="true" signature="closing()[pri:0, instance:DetailsOfAmazon.Website.TestCase10_UpdatingandRemovingfromCart@b2c9a9c]" started-at="2025-07-15T12:42:11 IST" name="closing" finished-at="2025-07-15T12:42:11 IST" duration-ms="150" status="PASS">
          <reporter-output>
          </reporter-output>
        </test-method> <!-- closing -->
        <test-method is-config="true" signature="starting(java.lang.String)[pri:0, instance:DetailsOfAmazon.Website.TestCase10_UpdatingandRemovingfromCart@b2c9a9c]" started-at="2025-07-15T12:42:11 IST" name="starting" finished-at="2025-07-15T12:42:12 IST" duration-ms="1428" status="PASS">
          <params>
            <param index="0">
              <value>
                <![CDATA[chrome]]>
              </value>
            </param>
          </params>
          <reporter-output>
          </reporter-output>
        </test-method> <!-- starting -->
        <test-method signature="UpdatingCart()[pri:0, instance:DetailsOfAmazon.Website.TestCase10_UpdatingandRemovingfromCart@b2c9a9c]" started-at="2025-07-15T12:42:12 IST" name="UpdatingCart" finished-at="2025-07-15T12:42:45 IST" duration-ms="32894" status="FAIL">
          <exception class="java.lang.NullPointerException">
            <message>
              <![CDATA[Cannot invoke "org.openqa.selenium.WebDriver.getClass()" because "exceptionDriver" is null]]>
            </message>
            <full-stacktrace>
              <![CDATA[java.lang.NullPointerException: Cannot invoke "org.openqa.selenium.WebDriver.getClass()" because "exceptionDriver" is null
at org.openqa.selenium.support.ui.WebDriverWait.timeoutException(WebDriverWait.java:85)
at org.openqa.selenium.support.ui.FluentWait.until(FluentWait.java:228)
at DetailsOfAmazon.Website.CartPage.AddtoCart1(CartPage.java:34)
at DetailsOfAmazon.Website.TestCase10_UpdatingandRemovingfromCart.UpdatingCart(TestCase10_UpdatingandRemovingfromCart.java:24)
at java.base/jdk.internal.reflect.DirectMethodHandleAccessor.invoke(DirectMethodHandleAccessor.java:103)
at java.base/java.lang.reflect.Method.invoke(Method.java:580)
at org.testng.internal.invokers.MethodInvocationHelper.invokeMethod(MethodInvocationHelper.java:141)
at org.testng.internal.invokers.TestInvoker.invokeMethod(TestInvoker.java:687)
at org.testng.internal.invokers.TestInvoker.retryFailed(TestInvoker.java:269)
at org.testng.internal.invokers.MethodRunner.runInSequence(MethodRunner.java:76)
at org.testng.internal.invokers.TestInvoker$MethodInvocationAgent.invoke(TestInvoker.java:995)
at org.testng.internal.invokers.TestInvoker.invokeTestMethods(TestInvoker.java:203)
at org.testng.internal.invokers.TestMethodWorker.invokeTestMethods(TestMethodWorker.java:154)
at org.testng.internal.invokers.TestMethodWorker.run(TestMethodWorker.java:134)
at java.base/java.util.ArrayList.forEach(ArrayList.java:1596)
at org.testng.TestRunner.privateRun(TestRunner.java:741)
at org.testng.TestRunner.run(TestRunner.java:616)
at org.testng.SuiteRunner.runTest(SuiteRunner.java:421)
at org.testng.SuiteRunner.runSequentially(SuiteRunner.java:413)
at org.testng.SuiteRunner.privateRun(SuiteRunner.java:373)
at org.testng.SuiteRunner.run(SuiteRunner.java:312)
at org.testng.SuiteRunnerWorker.runSuite(SuiteRunnerWorker.java:52)
at org.testng.SuiteRunnerWorker.run(SuiteRunnerWorker.java:95)
at org.testng.TestNG.runSuitesSequentially(TestNG.java:1274)
at org.testng.TestNG.runSuitesLocally(TestNG.java:1208)
at org.testng.TestNG.runSuites(TestNG.java:1112)
at org.testng.TestNG.run(TestNG.java:1079)
at org.testng.remote.AbstractRemoteTestNG.run(AbstractRemoteTestNG.java:115)
at org.testng.remote.RemoteTestNG.initAndRun(RemoteTestNG.java:293)
at org.testng.remote.RemoteTestNG.main(RemoteTestNG.java:91)
]]>
            </full-stacktrace>
          </exception> <!-- java.lang.NullPointerException -->
          <reporter-output>
            <line>
              <![CDATA[Testcase is failed]]>
            </line>
          </reporter-output>
        </test-method> <!-- UpdatingCart -->
        <test-method is-config="true" signature="closing()[pri:0, instance:DetailsOfAmazon.Website.TestCase10_UpdatingandRemovingfromCart@b2c9a9c]" started-at="2025-07-15T12:42:45 IST" name="closing" finished-at="2025-07-15T12:42:46 IST" duration-ms="282" status="PASS">
          <reporter-output>
          </reporter-output>
        </test-method> <!-- closing -->
      </class> <!-- DetailsOfAmazon.Website.TestCase10_UpdatingandRemovingfromCart -->
      <class name="DetailsOfAmazon.Website.TestCase4_EditingProfile">
        <test-method is-config="true" signature="starting(java.lang.String)[pri:0, instance:DetailsOfAmazon.Website.TestCase4_EditingProfile@4c178a76]" started-at="2025-07-15T12:42:46 IST" name="starting" finished-at="2025-07-15T12:42:49 IST" duration-ms="3699" status="PASS">
          <params>
            <param index="0">
              <value>
                <![CDATA[chrome]]>
              </value>
            </param>
          </params>
          <reporter-output>
          </reporter-output>
        </test-method> <!-- starting -->
        <test-method signature="EditingProfile()[pri:0, instance:DetailsOfAmazon.Website.TestCase4_EditingProfile@4c178a76]" started-at="2025-07-15T12:42:49 IST" name="EditingProfile" finished-at="2025-07-15T12:43:03 IST" duration-ms="13758" status="PASS">
          <reporter-output>
            <line>
              <![CDATA[Testcase is passed]]>
            </line>
          </reporter-output>
        </test-method> <!-- EditingProfile -->
        <test-method is-config="true" signature="closing()[pri:0, instance:DetailsOfAmazon.Website.TestCase4_EditingProfile@4c178a76]" started-at="2025-07-15T12:43:03 IST" name="closing" finished-at="2025-07-15T12:43:03 IST" duration-ms="166" status="PASS">
          <reporter-output>
          </reporter-output>
        </test-method> <!-- closing -->
      </class> <!-- DetailsOfAmazon.Website.TestCase4_EditingProfile -->
      <class name="DetailsOfAmazon.Website.Testcase1_Registration">
        <test-method is-config="true" signature="starting(java.lang.String)[pri:0, instance:DetailsOfAmazon.Website.Testcase1_Registration@d35dea7]" started-at="2025-07-15T12:45:18 IST" name="starting" finished-at="2025-07-15T12:45:19 IST" duration-ms="1480" status="PASS">
          <params>
            <param index="0">
              <value>
                <![CDATA[chrome]]>
              </value>
            </param>
          </params>
          <reporter-output>
          </reporter-output>
        </test-method> <!-- starting -->
        <test-method retried="true" signature="RegistrationPageDetails()[pri:0, instance:DetailsOfAmazon.Website.Testcase1_Registration@d35dea7]" started-at="2025-07-15T12:45:19 IST" name="RegistrationPageDetails" finished-at="2025-07-15T12:45:35 IST" duration-ms="15586" status="SKIP">
          <exception class="org.openqa.selenium.NoSuchElementException">
            <message>
              <![CDATA[no such element: Unable to locate element: {"method":"xpath","selector":"//span[@class="nav-line-2 "]"}
  (Session info: chrome=138.0.7204.101)
For documentation on this error, please visit: https://www.selenium.dev/documentation/webdriver/troubleshooting/errors#no-such-element-exception
Build info: version: '4.32.0', revision: 'd17c8aa950'
System info: os.name: 'Windows 11', os.arch: 'amd64', os.version: '10.0', java.version: '21.0.6'
Driver info: org.openqa.selenium.chrome.ChromeDriver
Command: [1db02d9d0e8f13c9e8069d1f84988dba, findElement {using=xpath, value=//span[@class="nav-line-2 "]}]
Capabilities {acceptInsecureCerts: false, browserName: chrome, browserVersion: 138.0.7204.101, chrome: {chromedriverVersion: 138.0.7204.94 (545025748884..., userDataDir: C:\Users\quali\AppData\Loca...}, fedcm:accounts: true, goog:chromeOptions: {debuggerAddress: localhost:59609}, networkConnectionEnabled: false, pageLoadStrategy: normal, platformName: windows, proxy: Proxy(), se:cdp: ws://localhost:59609/devtoo..., se:cdpVersion: 138.0.7204.101, setWindowRect: true, strictFileInteractability: false, timeouts: {implicit: 0, pageLoad: 300000, script: 30000}, unhandledPromptBehavior: dismiss and notify, webauthn:extension:credBlob: true, webauthn:extension:largeBlob: true, webauthn:extension:minPinLength: true, webauthn:extension:prf: true, webauthn:virtualAuthenticators: true}
Session ID: 1db02d9d0e8f13c9e8069d1f84988dba]]>
            </message>
            <full-stacktrace>
              <![CDATA[org.openqa.selenium.NoSuchElementException: no such element: Unable to locate element: {"method":"xpath","selector":"//span[@class="nav-line-2 "]"}
  (Session info: chrome=138.0.7204.101)
For documentation on this error, please visit: https://www.selenium.dev/documentation/webdriver/troubleshooting/errors#no-such-element-exception
Build info: version: '4.32.0', revision: 'd17c8aa950'
System info: os.name: 'Windows 11', os.arch: 'amd64', os.version: '10.0', java.version: '21.0.6'
Driver info: org.openqa.selenium.chrome.ChromeDriver
Command: [1db02d9d0e8f13c9e8069d1f84988dba, findElement {using=xpath, value=//span[@class="nav-line-2 "]}]
Capabilities {acceptInsecureCerts: false, browserName: chrome, browserVersion: 138.0.7204.101, chrome: {chromedriverVersion: 138.0.7204.94 (545025748884..., userDataDir: C:\Users\quali\AppData\Loca...}, fedcm:accounts: true, goog:chromeOptions: {debuggerAddress: localhost:59609}, networkConnectionEnabled: false, pageLoadStrategy: normal, platformName: windows, proxy: Proxy(), se:cdp: ws://localhost:59609/devtoo..., se:cdpVersion: 138.0.7204.101, setWindowRect: true, strictFileInteractability: false, timeouts: {implicit: 0, pageLoad: 300000, script: 30000}, unhandledPromptBehavior: dismiss and notify, webauthn:extension:credBlob: true, webauthn:extension:largeBlob: true, webauthn:extension:minPinLength: true, webauthn:extension:prf: true, webauthn:virtualAuthenticators: true}
Session ID: 1db02d9d0e8f13c9e8069d1f84988dba
at java.base/jdk.internal.reflect.DirectConstructorHandleAccessor.newInstance(DirectConstructorHandleAccessor.java:62)
at java.base/java.lang.reflect.Constructor.newInstanceWithCaller(Constructor.java:502)
at java.base/java.lang.reflect.Constructor.newInstance(Constructor.java:486)
at org.openqa.selenium.remote.ErrorCodec.decode(ErrorCodec.java:167)
at org.openqa.selenium.remote.codec.w3c.W3CHttpResponseCodec.decode(W3CHttpResponseCodec.java:138)
at org.openqa.selenium.remote.codec.w3c.W3CHttpResponseCodec.decode(W3CHttpResponseCodec.java:50)
at org.openqa.selenium.remote.HttpCommandExecutor.execute(HttpCommandExecutor.java:215)
at org.openqa.selenium.remote.service.DriverCommandExecutor.invokeExecute(DriverCommandExecutor.java:216)
at org.openqa.selenium.remote.service.DriverCommandExecutor.execute(DriverCommandExecutor.java:174)
at org.openqa.selenium.remote.RemoteWebDriver.execute(RemoteWebDriver.java:545)
at org.openqa.selenium.remote.ElementLocation$ElementFinder$2.findElement(ElementLocation.java:165)
at org.openqa.selenium.remote.ElementLocation.findElement(ElementLocation.java:59)
at org.openqa.selenium.remote.RemoteWebDriver.findElement(RemoteWebDriver.java:368)
at org.openqa.selenium.remote.RemoteWebDriver.findElement(RemoteWebDriver.java:362)
at org.openqa.selenium.support.pagefactory.DefaultElementLocator.findElement(DefaultElementLocator.java:68)
at org.openqa.selenium.support.pagefactory.internal.LocatingElementHandler.invoke(LocatingElementHandler.java:38)
at jdk.proxy2/jdk.proxy2.$Proxy15.getText(Unknown Source)
at DetailsOfAmazon.Website.RegistrationPage.VerifyingUsingText(RegistrationPage.java:51)
at DetailsOfAmazon.Website.Testcase1_Registration.RegistrationPageDetails(Testcase1_Registration.java:22)
at java.base/jdk.internal.reflect.DirectMethodHandleAccessor.invoke(DirectMethodHandleAccessor.java:103)
at java.base/java.lang.reflect.Method.invoke(Method.java:580)
at org.testng.internal.invokers.MethodInvocationHelper.invokeMethod(MethodInvocationHelper.java:141)
at org.testng.internal.invokers.TestInvoker.invokeMethod(TestInvoker.java:687)
at org.testng.internal.invokers.TestInvoker.invokeTestMethod(TestInvoker.java:230)
at org.testng.internal.invokers.MethodRunner.runInSequence(MethodRunner.java:63)
at org.testng.internal.invokers.TestInvoker$MethodInvocationAgent.invoke(TestInvoker.java:995)
at org.testng.internal.invokers.TestInvoker.invokeTestMethods(TestInvoker.java:203)
at org.testng.internal.invokers.TestMethodWorker.invokeTestMethods(TestMethodWorker.java:154)
at org.testng.internal.invokers.TestMethodWorker.run(TestMethodWorker.java:134)
at java.base/java.util.ArrayList.forEach(ArrayList.java:1596)
at org.testng.TestRunner.privateRun(TestRunner.java:741)
at org.testng.TestRunner.run(TestRunner.java:616)
at org.testng.SuiteRunner.runTest(SuiteRunner.java:421)
at org.testng.SuiteRunner.runSequentially(SuiteRunner.java:413)
at org.testng.SuiteRunner.privateRun(SuiteRunner.java:373)
at org.testng.SuiteRunner.run(SuiteRunner.java:312)
at org.testng.SuiteRunnerWorker.runSuite(SuiteRunnerWorker.java:52)
at org.testng.SuiteRunnerWorker.run(SuiteRunnerWorker.java:95)
at org.testng.TestNG.runSuitesSequentially(TestNG.java:1274)
at org.testng.TestNG.runSuitesLocally(TestNG.java:1208)
at org.testng.TestNG.runSuites(TestNG.java:1112)
at org.testng.TestNG.run(TestNG.java:1079)
at org.testng.remote.AbstractRemoteTestNG.run(AbstractRemoteTestNG.java:115)
at org.testng.remote.RemoteTestNG.initAndRun(RemoteTestNG.java:293)
at org.testng.remote.RemoteTestNG.main(RemoteTestNG.java:91)
]]>
            </full-stacktrace>
          </exception> <!-- org.openqa.selenium.NoSuchElementException -->
          <reporter-output>
          </reporter-output>
        </test-method> <!-- RegistrationPageDetails -->
        <test-method is-config="true" signature="closing()[pri:0, instance:DetailsOfAmazon.Website.Testcase1_Registration@d35dea7]" started-at="2025-07-15T12:45:35 IST" name="closing" finished-at="2025-07-15T12:45:35 IST" duration-ms="77" status="PASS">
          <reporter-output>
          </reporter-output>
        </test-method> <!-- closing -->
        <test-method is-config="true" signature="starting(java.lang.String)[pri:0, instance:DetailsOfAmazon.Website.Testcase1_Registration@d35dea7]" started-at="2025-07-15T12:45:35 IST" name="starting" finished-at="2025-07-15T12:45:38 IST" duration-ms="2666" status="PASS">
          <params>
            <param index="0">
              <value>
                <![CDATA[chrome]]>
              </value>
            </param>
          </params>
          <reporter-output>
          </reporter-output>
        </test-method> <!-- starting -->
        <test-method signature="RegistrationPageDetails()[pri:0, instance:DetailsOfAmazon.Website.Testcase1_Registration@d35dea7]" started-at="2025-07-15T12:45:38 IST" name="RegistrationPageDetails" finished-at="2025-07-15T12:45:43 IST" duration-ms="5834" status="PASS">
          <reporter-output>
            <line>
              <![CDATA[Testcase is passed]]>
            </line>
          </reporter-output>
        </test-method> <!-- RegistrationPageDetails -->
        <test-method is-config="true" signature="closing()[pri:0, instance:DetailsOfAmazon.Website.Testcase1_Registration@d35dea7]" started-at="2025-07-15T12:45:44 IST" name="closing" finished-at="2025-07-15T12:45:44 IST" duration-ms="178" status="PASS">
          <reporter-output>
          </reporter-output>
        </test-method> <!-- closing -->
      </class> <!-- DetailsOfAmazon.Website.Testcase1_Registration -->
      <class name="DetailsOfAmazon.Website.TestCase5_SearchForProduct">
        <test-method is-config="true" signature="starting(java.lang.String)[pri:0, instance:DetailsOfAmazon.Website.TestCase5_SearchForProduct@3bd82cf5]" started-at="2025-07-15T12:43:13 IST" name="starting" finished-at="2025-07-15T12:43:16 IST" duration-ms="2988" status="PASS">
          <params>
            <param index="0">
              <value>
                <![CDATA[chrome]]>
              </value>
            </param>
          </params>
          <reporter-output>
          </reporter-output>
        </test-method> <!-- starting -->
        <test-method signature="SearchDetails()[pri:0, instance:DetailsOfAmazon.Website.TestCase5_SearchForProduct@3bd82cf5]" started-at="2025-07-15T12:43:16 IST" name="SearchDetails" finished-at="2025-07-15T12:43:18 IST" duration-ms="2181" status="PASS">
          <reporter-output>
            <line>
              <![CDATA[Testcase is passed]]>
            </line>
          </reporter-output>
        </test-method> <!-- SearchDetails -->
        <test-method is-config="true" signature="closing()[pri:0, instance:DetailsOfAmazon.Website.TestCase5_SearchForProduct@3bd82cf5]" started-at="2025-07-15T12:43:19 IST" name="closing" finished-at="2025-07-15T12:43:19 IST" duration-ms="127" status="PASS">
          <reporter-output>
          </reporter-output>
        </test-method> <!-- closing -->
      </class> <!-- DetailsOfAmazon.Website.TestCase5_SearchForProduct -->
      <class name="DetailsOfAmazon.Website.TestCase12_SelectingEachPayment">
        <test-method is-config="true" signature="starting(java.lang.String)[pri:0, instance:DetailsOfAmazon.Website.TestCase12_SelectingEachPayment@544fa968]" started-at="2025-07-15T12:43:19 IST" name="starting" finished-at="2025-07-15T12:43:22 IST" duration-ms="3235" status="PASS">
          <params>
            <param index="0">
              <value>
                <![CDATA[chrome]]>
              </value>
            </param>
          </params>
          <reporter-output>
          </reporter-output>
        </test-method> <!-- starting -->
        <test-method retried="true" signature="PaymentMethod()[pri:0, instance:DetailsOfAmazon.Website.TestCase12_SelectingEachPayment@544fa968]" started-at="2025-07-15T12:43:22 IST" name="PaymentMethod" finished-at="2025-07-15T12:43:57 IST" duration-ms="34779" status="SKIP">
          <exception class="java.lang.NullPointerException">
            <message>
              <![CDATA[Cannot invoke "org.openqa.selenium.WebDriver.getClass()" because "exceptionDriver" is null]]>
            </message>
            <full-stacktrace>
              <![CDATA[java.lang.NullPointerException: Cannot invoke "org.openqa.selenium.WebDriver.getClass()" because "exceptionDriver" is null
at org.openqa.selenium.support.ui.WebDriverWait.timeoutException(WebDriverWait.java:85)
at org.openqa.selenium.support.ui.FluentWait.until(FluentWait.java:228)
at DetailsOfAmazon.Website.CheckOutProcessPage.Changeadd(CheckOutProcessPage.java:78)
at DetailsOfAmazon.Website.TestCase12_SelectingEachPayment.PaymentMethod(TestCase12_SelectingEachPayment.java:26)
at java.base/jdk.internal.reflect.DirectMethodHandleAccessor.invoke(DirectMethodHandleAccessor.java:103)
at java.base/java.lang.reflect.Method.invoke(Method.java:580)
at org.testng.internal.invokers.MethodInvocationHelper.invokeMethod(MethodInvocationHelper.java:141)
at org.testng.internal.invokers.TestInvoker.invokeMethod(TestInvoker.java:687)
at org.testng.internal.invokers.TestInvoker.invokeTestMethod(TestInvoker.java:230)
at org.testng.internal.invokers.MethodRunner.runInSequence(MethodRunner.java:63)
at org.testng.internal.invokers.TestInvoker$MethodInvocationAgent.invoke(TestInvoker.java:995)
at org.testng.internal.invokers.TestInvoker.invokeTestMethods(TestInvoker.java:203)
at org.testng.internal.invokers.TestMethodWorker.invokeTestMethods(TestMethodWorker.java:154)
at org.testng.internal.invokers.TestMethodWorker.run(TestMethodWorker.java:134)
at java.base/java.util.ArrayList.forEach(ArrayList.java:1596)
at org.testng.TestRunner.privateRun(TestRunner.java:741)
at org.testng.TestRunner.run(TestRunner.java:616)
at org.testng.SuiteRunner.runTest(SuiteRunner.java:421)
at org.testng.SuiteRunner.runSequentially(SuiteRunner.java:413)
at org.testng.SuiteRunner.privateRun(SuiteRunner.java:373)
at org.testng.SuiteRunner.run(SuiteRunner.java:312)
at org.testng.SuiteRunnerWorker.runSuite(SuiteRunnerWorker.java:52)
at org.testng.SuiteRunnerWorker.run(SuiteRunnerWorker.java:95)
at org.testng.TestNG.runSuitesSequentially(TestNG.java:1274)
at org.testng.TestNG.runSuitesLocally(TestNG.java:1208)
at org.testng.TestNG.runSuites(TestNG.java:1112)
at org.testng.TestNG.run(TestNG.java:1079)
at org.testng.remote.AbstractRemoteTestNG.run(AbstractRemoteTestNG.java:115)
at org.testng.remote.RemoteTestNG.initAndRun(RemoteTestNG.java:293)
at org.testng.remote.RemoteTestNG.main(RemoteTestNG.java:91)
]]>
            </full-stacktrace>
          </exception> <!-- java.lang.NullPointerException -->
          <reporter-output>
          </reporter-output>
        </test-method> <!-- PaymentMethod -->
        <test-method is-config="true" signature="closing()[pri:0, instance:DetailsOfAmazon.Website.TestCase12_SelectingEachPayment@544fa968]" started-at="2025-07-15T12:43:57 IST" name="closing" finished-at="2025-07-15T12:43:57 IST" duration-ms="172" status="PASS">
          <reporter-output>
          </reporter-output>
        </test-method> <!-- closing -->
        <test-method is-config="true" signature="starting(java.lang.String)[pri:0, instance:DetailsOfAmazon.Website.TestCase12_SelectingEachPayment@544fa968]" started-at="2025-07-15T12:43:57 IST" name="starting" finished-at="2025-07-15T12:44:00 IST" duration-ms="2823" status="PASS">
          <params>
            <param index="0">
              <value>
                <![CDATA[chrome]]>
              </value>
            </param>
          </params>
          <reporter-output>
          </reporter-output>
        </test-method> <!-- starting -->
        <test-method signature="PaymentMethod()[pri:0, instance:DetailsOfAmazon.Website.TestCase12_SelectingEachPayment@544fa968]" started-at="2025-07-15T12:44:00 IST" name="PaymentMethod" finished-at="2025-07-15T12:44:25 IST" duration-ms="24800" status="PASS">
          <reporter-output>
            <line>
              <![CDATA[Testcase is passed]]>
            </line>
          </reporter-output>
        </test-method> <!-- PaymentMethod -->
        <test-method is-config="true" signature="closing()[pri:0, instance:DetailsOfAmazon.Website.TestCase12_SelectingEachPayment@544fa968]" started-at="2025-07-15T12:44:25 IST" name="closing" finished-at="2025-07-15T12:44:25 IST" duration-ms="142" status="PASS">
          <reporter-output>
          </reporter-output>
        </test-method> <!-- closing -->
      </class> <!-- DetailsOfAmazon.Website.TestCase12_SelectingEachPayment -->
    </test> <!-- Test -->
  </suite> <!-- Suite -->
</testng-results>
